<?xml version="1.0" encoding="utf-8"?>
<!DOCTYPE coverage SYSTEM "http://cobertura.sourceforge.net/xml/coverage-04.dtd">
<coverage line-rate="0.40777619724988146" branch-rate="0.38317757009345793" lines-covered="860" lines-valid="2109" branches-covered="164" branches-valid="428" complexity="596" version="0" timestamp="1758789983">
  <sources>
    <source>/home/runner/work/tuisecretary/tuisecretary/src/</source>
    <source>/home/runner/work/tuisecretary/tuisecretary/src/Domain/Entities/</source>
  </sources>
  <packages>
    <package name="TuiSecretary.Application" line-rate="0.04340836012861737" branch-rate="0.02054794520547945" complexity="212">
      <classes>
        <class name="Mediator.AssemblyReference" filename="/home/runner/work/tuisecretary/tuisecretary/src/Application/obj/Debug/net8.0/Mediator.SourceGenerator/Mediator.SourceGenerator.IncrementalMediatorGenerator/AssemblyReference.g.cs" line-rate="0" branch-rate="1" complexity="4">
          <methods>
            <method name="get_Assembly" signature="()" line-rate="0" branch-rate="1" complexity="1">
              <lines>
                <line number="17" hits="0" branch="false" />
              </lines>
            </method>
            <method name="op_Implicit" signature="(System.Type)" line-rate="0" branch-rate="1" complexity="1">
              <lines>
                <line number="29" hits="0" branch="false" />
              </lines>
            </method>
            <method name="op_Implicit" signature="(System.Reflection.Assembly)" line-rate="0" branch-rate="1" complexity="1">
              <lines>
                <line number="36" hits="0" branch="false" />
              </lines>
            </method>
            <method name=".ctor" signature="(System.Reflection.Assembly)" line-rate="0" branch-rate="1" complexity="1">
              <lines>
                <line number="19" hits="0" branch="false" />
                <line number="20" hits="0" branch="false" />
                <line number="21" hits="0" branch="false" />
                <line number="22" hits="0" branch="false" />
              </lines>
            </method>
          </methods>
          <lines>
            <line number="17" hits="0" branch="false" />
            <line number="19" hits="0" branch="false" />
            <line number="20" hits="0" branch="false" />
            <line number="21" hits="0" branch="false" />
            <line number="22" hits="0" branch="false" />
            <line number="29" hits="0" branch="false" />
            <line number="36" hits="0" branch="false" />
          </lines>
        </class>
        <class name="Mediator.Internals.CommandHandlerWrapper`2" filename="/home/runner/work/tuisecretary/tuisecretary/src/Application/obj/Debug/net8.0/Mediator.SourceGenerator/Mediator.SourceGenerator.IncrementalMediatorGenerator/Mediator.g.cs" line-rate="0" branch-rate="0" complexity="8">
          <methods>
            <method name="Init" signature="(Mediator.Internals.ContainerMetadata,System.IServiceProvider)" line-rate="0" branch-rate="0" complexity="4">
              <lines>
                <line number="291" hits="0" branch="false" />
                <line number="292" hits="0" branch="false" />
                <line number="293" hits="0" branch="false" />
                <line number="294" hits="0" branch="false" />
                <line number="297" hits="0" branch="true" condition-coverage="0% (0/2)" />
                <line number="298" hits="0" branch="false" />
                <line number="299" hits="0" branch="false" />
                <line number="300" hits="0" branch="false" />
                <line number="301" hits="0" branch="false" />
                <line number="302" hits="0" branch="false" />
                <line number="303" hits="0" branch="false" />
                <line number="304" hits="0" branch="false" />
                <line number="305" hits="0" branch="false" />
                <line number="307" hits="0" branch="false" />
                <line number="308" hits="0" branch="false" />
                <line number="309" hits="0" branch="false" />
                <line number="310" hits="0" branch="false" />
                <line number="311" hits="0" branch="false" />
                <line number="312" hits="0" branch="false" />
                <line number="314" hits="0" branch="true" condition-coverage="0% (0/2)" />
                <line number="315" hits="0" branch="false" />
                <line number="316" hits="0" branch="false" />
                <line number="317" hits="0" branch="false" />
                <line number="318" hits="0" branch="false" />
                <line number="319" hits="0" branch="false" />
                <line number="320" hits="0" branch="false" />
                <line number="322" hits="0" branch="false" />
                <line number="323" hits="0" branch="false" />
                <line number="324" hits="0" branch="false" />
              </lines>
            </method>
            <method name="Handle" signature="(TRequest,System.Threading.CancellationToken)" line-rate="0" branch-rate="1" complexity="1">
              <lines>
                <line number="330" hits="0" branch="false" />
                <line number="331" hits="0" branch="false" />
                <line number="332" hits="0" branch="false" />
                <line number="333" hits="0" branch="false" />
              </lines>
            </method>
            <method name="Handle" signature="(Mediator.ICommand`1&lt;TResponse&gt;,System.Threading.CancellationToken)" line-rate="0" branch-rate="1" complexity="1">
              <lines>
                <line number="339" hits="0" branch="false" />
                <line number="340" hits="0" branch="false" />
                <line number="341" hits="0" branch="false" />
              </lines>
            </method>
            <method name=".ctor" signature="()" line-rate="0" branch-rate="1" complexity="1">
              <lines>
                <line number="285" hits="0" branch="false" />
              </lines>
            </method>
            <method name="Handle" signature="()" line-rate="0" branch-rate="1" complexity="1">
              <lines>
                <line number="347" hits="0" branch="false" />
                <line number="348" hits="0" branch="false" />
                <line number="349" hits="0" branch="false" />
              </lines>
            </method>
          </methods>
          <lines>
            <line number="285" hits="0" branch="false" />
            <line number="291" hits="0" branch="false" />
            <line number="292" hits="0" branch="false" />
            <line number="293" hits="0" branch="false" />
            <line number="294" hits="0" branch="false" />
            <line number="297" hits="0" branch="true" condition-coverage="0% (0/2)" />
            <line number="298" hits="0" branch="false" />
            <line number="299" hits="0" branch="false" />
            <line number="300" hits="0" branch="false" />
            <line number="301" hits="0" branch="false" />
            <line number="302" hits="0" branch="false" />
            <line number="303" hits="0" branch="false" />
            <line number="304" hits="0" branch="false" />
            <line number="305" hits="0" branch="false" />
            <line number="307" hits="0" branch="false" />
            <line number="308" hits="0" branch="false" />
            <line number="309" hits="0" branch="false" />
            <line number="310" hits="0" branch="false" />
            <line number="311" hits="0" branch="false" />
            <line number="312" hits="0" branch="false" />
            <line number="314" hits="0" branch="true" condition-coverage="0% (0/2)" />
            <line number="315" hits="0" branch="false" />
            <line number="316" hits="0" branch="false" />
            <line number="317" hits="0" branch="false" />
            <line number="318" hits="0" branch="false" />
            <line number="319" hits="0" branch="false" />
            <line number="320" hits="0" branch="false" />
            <line number="322" hits="0" branch="false" />
            <line number="323" hits="0" branch="false" />
            <line number="324" hits="0" branch="false" />
            <line number="330" hits="0" branch="false" />
            <line number="331" hits="0" branch="false" />
            <line number="332" hits="0" branch="false" />
            <line number="333" hits="0" branch="false" />
            <line number="339" hits="0" branch="false" />
            <line number="340" hits="0" branch="false" />
            <line number="341" hits="0" branch="false" />
            <line number="347" hits="0" branch="false" />
            <line number="348" hits="0" branch="false" />
            <line number="349" hits="0" branch="false" />
          </lines>
        </class>
        <class name="Mediator.Internals.ContainerMetadata" filename="/home/runner/work/tuisecretary/tuisecretary/src/Application/obj/Debug/net8.0/Mediator.SourceGenerator/Mediator.SourceGenerator.IncrementalMediatorGenerator/Mediator.g.cs" line-rate="0" branch-rate="1" complexity="1">
          <methods>
            <method name=".ctor" signature="(System.IServiceProvider)" line-rate="0" branch-rate="1" complexity="1">
              <lines>
                <line number="685" hits="0" branch="false" />
                <line number="686" hits="0" branch="false" />
                <line number="687" hits="0" branch="false" />
                <line number="689" hits="0" branch="false" />
                <line number="691" hits="0" branch="false" />
                <line number="692" hits="0" branch="false" />
                <line number="693" hits="0" branch="false" />
                <line number="694" hits="0" branch="false" />
                <line number="695" hits="0" branch="false" />
                <line number="696" hits="0" branch="false" />
                <line number="697" hits="0" branch="false" />
                <line number="698" hits="0" branch="false" />
                <line number="699" hits="0" branch="false" />
                <line number="701" hits="0" branch="false" />
                <line number="702" hits="0" branch="false" />
                <line number="703" hits="0" branch="false" />
                <line number="704" hits="0" branch="false" />
                <line number="705" hits="0" branch="false" />
                <line number="706" hits="0" branch="false" />
                <line number="708" hits="0" branch="false" />
                <line number="709" hits="0" branch="false" />
                <line number="711" hits="0" branch="false" />
                <line number="713" hits="0" branch="false" />
                <line number="714" hits="0" branch="false" />
                <line number="715" hits="0" branch="false" />
              </lines>
            </method>
          </methods>
          <lines>
            <line number="685" hits="0" branch="false" />
            <line number="686" hits="0" branch="false" />
            <line number="687" hits="0" branch="false" />
            <line number="689" hits="0" branch="false" />
            <line number="691" hits="0" branch="false" />
            <line number="692" hits="0" branch="false" />
            <line number="693" hits="0" branch="false" />
            <line number="694" hits="0" branch="false" />
            <line number="695" hits="0" branch="false" />
            <line number="696" hits="0" branch="false" />
            <line number="697" hits="0" branch="false" />
            <line number="698" hits="0" branch="false" />
            <line number="699" hits="0" branch="false" />
            <line number="701" hits="0" branch="false" />
            <line number="702" hits="0" branch="false" />
            <line number="703" hits="0" branch="false" />
            <line number="704" hits="0" branch="false" />
            <line number="705" hits="0" branch="false" />
            <line number="706" hits="0" branch="false" />
            <line number="708" hits="0" branch="false" />
            <line number="709" hits="0" branch="false" />
            <line number="711" hits="0" branch="false" />
            <line number="713" hits="0" branch="false" />
            <line number="714" hits="0" branch="false" />
            <line number="715" hits="0" branch="false" />
          </lines>
        </class>
        <class name="Mediator.Internals.NotificationHandlerWrapper`1" filename="/home/runner/work/tuisecretary/tuisecretary/src/Application/obj/Debug/net8.0/Mediator.SourceGenerator/Mediator.SourceGenerator.IncrementalMediatorGenerator/Mediator.g.cs" line-rate="0" branch-rate="0" complexity="10">
          <methods>
            <method name="Init" signature="(Mediator.Internals.ContainerMetadata,System.IServiceProvider)" line-rate="0" branch-rate="0" complexity="6">
              <lines>
                <line number="607" hits="0" branch="false" />
                <line number="608" hits="0" branch="false" />
                <line number="609" hits="0" branch="false" />
                <line number="610" hits="0" branch="true" condition-coverage="0% (0/2)" />
                <line number="611" hits="0" branch="false" />
                <line number="612" hits="0" branch="true" condition-coverage="0% (0/2)" />
                <line number="613" hits="0" branch="false" />
                <line number="614" hits="0" branch="false" />
                <line number="615" hits="0" branch="false" />
                <line number="616" hits="0" branch="false" />
                <line number="617" hits="0" branch="false" />
                <line number="618" hits="0" branch="false" />
                <line number="619" hits="0" branch="false" />
                <line number="621" hits="0" branch="false" />
                <line number="622" hits="0" branch="true" condition-coverage="0% (0/2)" />
                <line number="623" hits="0" branch="false" />
                <line number="624" hits="0" branch="false" />
                <line number="625" hits="0" branch="false" />
                <line number="626" hits="0" branch="false" />
                <line number="627" hits="0" branch="false" />
                <line number="628" hits="0" branch="false" />
                <line number="629" hits="0" branch="false" />
              </lines>
            </method>
            <method name="Handle" signature="(TNotification,System.Threading.CancellationToken)" line-rate="0" branch-rate="0" complexity="2">
              <lines>
                <line number="635" hits="0" branch="false" />
                <line number="636" hits="0" branch="false" />
                <line number="637" hits="0" branch="true" condition-coverage="0% (0/2)" />
                <line number="638" hits="0" branch="false" />
                <line number="639" hits="0" branch="false" />
                <line number="641" hits="0" branch="false" />
                <line number="642" hits="0" branch="false" />
                <line number="643" hits="0" branch="false" />
                <line number="644" hits="0" branch="false" />
                <line number="645" hits="0" branch="false" />
                <line number="646" hits="0" branch="false" />
              </lines>
            </method>
            <method name="Handle" signature="(System.Object,System.Threading.CancellationToken)" line-rate="0" branch-rate="1" complexity="1">
              <lines>
                <line number="652" hits="0" branch="false" />
                <line number="653" hits="0" branch="false" />
                <line number="654" hits="0" branch="false" />
              </lines>
            </method>
            <method name=".ctor" signature="()" line-rate="0" branch-rate="1" complexity="1">
              <lines>
                <line number="600" hits="0" branch="false" />
                <line number="601" hits="0" branch="false" />
              </lines>
            </method>
          </methods>
          <lines>
            <line number="600" hits="0" branch="false" />
            <line number="601" hits="0" branch="false" />
            <line number="607" hits="0" branch="false" />
            <line number="608" hits="0" branch="false" />
            <line number="609" hits="0" branch="false" />
            <line number="610" hits="0" branch="true" condition-coverage="0% (0/2)" />
            <line number="611" hits="0" branch="false" />
            <line number="612" hits="0" branch="true" condition-coverage="0% (0/2)" />
            <line number="613" hits="0" branch="false" />
            <line number="614" hits="0" branch="false" />
            <line number="615" hits="0" branch="false" />
            <line number="616" hits="0" branch="false" />
            <line number="617" hits="0" branch="false" />
            <line number="618" hits="0" branch="false" />
            <line number="619" hits="0" branch="false" />
            <line number="621" hits="0" branch="false" />
            <line number="622" hits="0" branch="true" condition-coverage="0% (0/2)" />
            <line number="623" hits="0" branch="false" />
            <line number="624" hits="0" branch="false" />
            <line number="625" hits="0" branch="false" />
            <line number="626" hits="0" branch="false" />
            <line number="627" hits="0" branch="false" />
            <line number="628" hits="0" branch="false" />
            <line number="629" hits="0" branch="false" />
            <line number="635" hits="0" branch="false" />
            <line number="636" hits="0" branch="false" />
            <line number="637" hits="0" branch="true" condition-coverage="0% (0/2)" />
            <line number="638" hits="0" branch="false" />
            <line number="639" hits="0" branch="false" />
            <line number="641" hits="0" branch="false" />
            <line number="642" hits="0" branch="false" />
            <line number="643" hits="0" branch="false" />
            <line number="644" hits="0" branch="false" />
            <line number="645" hits="0" branch="false" />
            <line number="646" hits="0" branch="false" />
            <line number="652" hits="0" branch="false" />
            <line number="653" hits="0" branch="false" />
            <line number="654" hits="0" branch="false" />
          </lines>
        </class>
        <class name="Mediator.Internals.QueryHandlerWrapper`2" filename="/home/runner/work/tuisecretary/tuisecretary/src/Application/obj/Debug/net8.0/Mediator.SourceGenerator/Mediator.SourceGenerator.IncrementalMediatorGenerator/Mediator.g.cs" line-rate="0" branch-rate="0" complexity="8">
          <methods>
            <method name="Init" signature="(Mediator.Internals.ContainerMetadata,System.IServiceProvider)" line-rate="0" branch-rate="0" complexity="4">
              <lines>
                <line number="452" hits="0" branch="false" />
                <line number="453" hits="0" branch="false" />
                <line number="454" hits="0" branch="false" />
                <line number="455" hits="0" branch="false" />
                <line number="458" hits="0" branch="true" condition-coverage="0% (0/2)" />
                <line number="459" hits="0" branch="false" />
                <line number="460" hits="0" branch="false" />
                <line number="461" hits="0" branch="false" />
                <line number="462" hits="0" branch="false" />
                <line number="463" hits="0" branch="false" />
                <line number="464" hits="0" branch="false" />
                <line number="465" hits="0" branch="false" />
                <line number="466" hits="0" branch="false" />
                <line number="468" hits="0" branch="false" />
                <line number="469" hits="0" branch="false" />
                <line number="470" hits="0" branch="false" />
                <line number="471" hits="0" branch="false" />
                <line number="472" hits="0" branch="false" />
                <line number="473" hits="0" branch="false" />
                <line number="475" hits="0" branch="true" condition-coverage="0% (0/2)" />
                <line number="476" hits="0" branch="false" />
                <line number="477" hits="0" branch="false" />
                <line number="478" hits="0" branch="false" />
                <line number="479" hits="0" branch="false" />
                <line number="480" hits="0" branch="false" />
                <line number="481" hits="0" branch="false" />
                <line number="483" hits="0" branch="false" />
                <line number="484" hits="0" branch="false" />
                <line number="485" hits="0" branch="false" />
              </lines>
            </method>
            <method name="Handle" signature="(TRequest,System.Threading.CancellationToken)" line-rate="0" branch-rate="1" complexity="1">
              <lines>
                <line number="491" hits="0" branch="false" />
                <line number="492" hits="0" branch="false" />
                <line number="493" hits="0" branch="false" />
                <line number="494" hits="0" branch="false" />
              </lines>
            </method>
            <method name="Handle" signature="(Mediator.IQuery`1&lt;TResponse&gt;,System.Threading.CancellationToken)" line-rate="0" branch-rate="1" complexity="1">
              <lines>
                <line number="500" hits="0" branch="false" />
                <line number="501" hits="0" branch="false" />
                <line number="502" hits="0" branch="false" />
              </lines>
            </method>
            <method name=".ctor" signature="()" line-rate="0" branch-rate="1" complexity="1">
              <lines>
                <line number="446" hits="0" branch="false" />
              </lines>
            </method>
            <method name="Handle" signature="()" line-rate="0" branch-rate="1" complexity="1">
              <lines>
                <line number="508" hits="0" branch="false" />
                <line number="509" hits="0" branch="false" />
                <line number="510" hits="0" branch="false" />
              </lines>
            </method>
          </methods>
          <lines>
            <line number="446" hits="0" branch="false" />
            <line number="452" hits="0" branch="false" />
            <line number="453" hits="0" branch="false" />
            <line number="454" hits="0" branch="false" />
            <line number="455" hits="0" branch="false" />
            <line number="458" hits="0" branch="true" condition-coverage="0% (0/2)" />
            <line number="459" hits="0" branch="false" />
            <line number="460" hits="0" branch="false" />
            <line number="461" hits="0" branch="false" />
            <line number="462" hits="0" branch="false" />
            <line number="463" hits="0" branch="false" />
            <line number="464" hits="0" branch="false" />
            <line number="465" hits="0" branch="false" />
            <line number="466" hits="0" branch="false" />
            <line number="468" hits="0" branch="false" />
            <line number="469" hits="0" branch="false" />
            <line number="470" hits="0" branch="false" />
            <line number="471" hits="0" branch="false" />
            <line number="472" hits="0" branch="false" />
            <line number="473" hits="0" branch="false" />
            <line number="475" hits="0" branch="true" condition-coverage="0% (0/2)" />
            <line number="476" hits="0" branch="false" />
            <line number="477" hits="0" branch="false" />
            <line number="478" hits="0" branch="false" />
            <line number="479" hits="0" branch="false" />
            <line number="480" hits="0" branch="false" />
            <line number="481" hits="0" branch="false" />
            <line number="483" hits="0" branch="false" />
            <line number="484" hits="0" branch="false" />
            <line number="485" hits="0" branch="false" />
            <line number="491" hits="0" branch="false" />
            <line number="492" hits="0" branch="false" />
            <line number="493" hits="0" branch="false" />
            <line number="494" hits="0" branch="false" />
            <line number="500" hits="0" branch="false" />
            <line number="501" hits="0" branch="false" />
            <line number="502" hits="0" branch="false" />
            <line number="508" hits="0" branch="false" />
            <line number="509" hits="0" branch="false" />
            <line number="510" hits="0" branch="false" />
          </lines>
        </class>
        <class name="Mediator.Internals.RequestHandlerWrapper`2" filename="/home/runner/work/tuisecretary/tuisecretary/src/Application/obj/Debug/net8.0/Mediator.SourceGenerator/Mediator.SourceGenerator.IncrementalMediatorGenerator/Mediator.g.cs" line-rate="0" branch-rate="0" complexity="8">
          <methods>
            <method name="Init" signature="(Mediator.Internals.ContainerMetadata,System.IServiceProvider)" line-rate="0" branch-rate="0" complexity="4">
              <lines>
                <line number="130" hits="0" branch="false" />
                <line number="131" hits="0" branch="false" />
                <line number="132" hits="0" branch="false" />
                <line number="133" hits="0" branch="false" />
                <line number="136" hits="0" branch="true" condition-coverage="0% (0/2)" />
                <line number="137" hits="0" branch="false" />
                <line number="138" hits="0" branch="false" />
                <line number="139" hits="0" branch="false" />
                <line number="140" hits="0" branch="false" />
                <line number="141" hits="0" branch="false" />
                <line number="142" hits="0" branch="false" />
                <line number="143" hits="0" branch="false" />
                <line number="144" hits="0" branch="false" />
                <line number="146" hits="0" branch="false" />
                <line number="147" hits="0" branch="false" />
                <line number="148" hits="0" branch="false" />
                <line number="149" hits="0" branch="false" />
                <line number="150" hits="0" branch="false" />
                <line number="151" hits="0" branch="false" />
                <line number="153" hits="0" branch="true" condition-coverage="0% (0/2)" />
                <line number="154" hits="0" branch="false" />
                <line number="155" hits="0" branch="false" />
                <line number="156" hits="0" branch="false" />
                <line number="157" hits="0" branch="false" />
                <line number="158" hits="0" branch="false" />
                <line number="159" hits="0" branch="false" />
                <line number="161" hits="0" branch="false" />
                <line number="162" hits="0" branch="false" />
                <line number="163" hits="0" branch="false" />
              </lines>
            </method>
            <method name="Handle" signature="(TRequest,System.Threading.CancellationToken)" line-rate="0" branch-rate="1" complexity="1">
              <lines>
                <line number="169" hits="0" branch="false" />
                <line number="170" hits="0" branch="false" />
                <line number="171" hits="0" branch="false" />
                <line number="172" hits="0" branch="false" />
              </lines>
            </method>
            <method name="Handle" signature="(Mediator.IRequest`1&lt;TResponse&gt;,System.Threading.CancellationToken)" line-rate="0" branch-rate="1" complexity="1">
              <lines>
                <line number="178" hits="0" branch="false" />
                <line number="179" hits="0" branch="false" />
                <line number="180" hits="0" branch="false" />
              </lines>
            </method>
            <method name=".ctor" signature="()" line-rate="0" branch-rate="1" complexity="1">
              <lines>
                <line number="124" hits="0" branch="false" />
              </lines>
            </method>
            <method name="Handle" signature="()" line-rate="0" branch-rate="1" complexity="1">
              <lines>
                <line number="186" hits="0" branch="false" />
                <line number="187" hits="0" branch="false" />
                <line number="188" hits="0" branch="false" />
              </lines>
            </method>
          </methods>
          <lines>
            <line number="124" hits="0" branch="false" />
            <line number="130" hits="0" branch="false" />
            <line number="131" hits="0" branch="false" />
            <line number="132" hits="0" branch="false" />
            <line number="133" hits="0" branch="false" />
            <line number="136" hits="0" branch="true" condition-coverage="0% (0/2)" />
            <line number="137" hits="0" branch="false" />
            <line number="138" hits="0" branch="false" />
            <line number="139" hits="0" branch="false" />
            <line number="140" hits="0" branch="false" />
            <line number="141" hits="0" branch="false" />
            <line number="142" hits="0" branch="false" />
            <line number="143" hits="0" branch="false" />
            <line number="144" hits="0" branch="false" />
            <line number="146" hits="0" branch="false" />
            <line number="147" hits="0" branch="false" />
            <line number="148" hits="0" branch="false" />
            <line number="149" hits="0" branch="false" />
            <line number="150" hits="0" branch="false" />
            <line number="151" hits="0" branch="false" />
            <line number="153" hits="0" branch="true" condition-coverage="0% (0/2)" />
            <line number="154" hits="0" branch="false" />
            <line number="155" hits="0" branch="false" />
            <line number="156" hits="0" branch="false" />
            <line number="157" hits="0" branch="false" />
            <line number="158" hits="0" branch="false" />
            <line number="159" hits="0" branch="false" />
            <line number="161" hits="0" branch="false" />
            <line number="162" hits="0" branch="false" />
            <line number="163" hits="0" branch="false" />
            <line number="169" hits="0" branch="false" />
            <line number="170" hits="0" branch="false" />
            <line number="171" hits="0" branch="false" />
            <line number="172" hits="0" branch="false" />
            <line number="178" hits="0" branch="false" />
            <line number="179" hits="0" branch="false" />
            <line number="180" hits="0" branch="false" />
            <line number="186" hits="0" branch="false" />
            <line number="187" hits="0" branch="false" />
            <line number="188" hits="0" branch="false" />
          </lines>
        </class>
        <class name="Mediator.Internals.StreamCommandHandlerWrapper`2" filename="/home/runner/work/tuisecretary/tuisecretary/src/Application/obj/Debug/net8.0/Mediator.SourceGenerator/Mediator.SourceGenerator.IncrementalMediatorGenerator/Mediator.g.cs" line-rate="0" branch-rate="0" complexity="13">
          <methods>
            <method name="Init" signature="(Mediator.Internals.ContainerMetadata,System.IServiceProvider)" line-rate="0" branch-rate="0" complexity="4">
              <lines>
                <line number="371" hits="0" branch="false" />
                <line number="372" hits="0" branch="false" />
                <line number="373" hits="0" branch="false" />
                <line number="374" hits="0" branch="false" />
                <line number="377" hits="0" branch="true" condition-coverage="0% (0/2)" />
                <line number="378" hits="0" branch="false" />
                <line number="379" hits="0" branch="false" />
                <line number="380" hits="0" branch="false" />
                <line number="381" hits="0" branch="false" />
                <line number="382" hits="0" branch="false" />
                <line number="383" hits="0" branch="false" />
                <line number="384" hits="0" branch="false" />
                <line number="385" hits="0" branch="false" />
                <line number="387" hits="0" branch="false" />
                <line number="388" hits="0" branch="false" />
                <line number="389" hits="0" branch="false" />
                <line number="390" hits="0" branch="false" />
                <line number="391" hits="0" branch="false" />
                <line number="392" hits="0" branch="false" />
                <line number="394" hits="0" branch="true" condition-coverage="0% (0/2)" />
                <line number="395" hits="0" branch="false" />
                <line number="396" hits="0" branch="false" />
                <line number="397" hits="0" branch="false" />
                <line number="398" hits="0" branch="false" />
                <line number="399" hits="0" branch="false" />
                <line number="400" hits="0" branch="false" />
                <line number="402" hits="0" branch="false" />
                <line number="403" hits="0" branch="false" />
                <line number="404" hits="0" branch="false" />
              </lines>
            </method>
            <method name="Handle" signature="(TRequest,System.Threading.CancellationToken)" line-rate="0" branch-rate="1" complexity="1">
              <lines>
                <line number="410" hits="0" branch="false" />
                <line number="411" hits="0" branch="false" />
                <line number="412" hits="0" branch="false" />
                <line number="413" hits="0" branch="false" />
              </lines>
            </method>
            <method name="Handle" signature="(Mediator.IStreamCommand`1&lt;TResponse&gt;,System.Threading.CancellationToken)" line-rate="0" branch-rate="1" complexity="1">
              <lines>
                <line number="419" hits="0" branch="false" />
                <line number="420" hits="0" branch="false" />
                <line number="421" hits="0" branch="false" />
              </lines>
            </method>
            <method name=".ctor" signature="()" line-rate="0" branch-rate="1" complexity="1">
              <lines>
                <line number="365" hits="0" branch="false" />
              </lines>
            </method>
            <method name="Handle" signature="()" line-rate="0" branch-rate="0" complexity="6">
              <lines>
                <line number="427" hits="0" branch="false" />
                <line number="428" hits="0" branch="true" condition-coverage="0% (0/4)" />
                <line number="429" hits="0" branch="false" />
                <line number="430" hits="0" branch="true" condition-coverage="0% (0/2)" />
              </lines>
            </method>
          </methods>
          <lines>
            <line number="365" hits="0" branch="false" />
            <line number="371" hits="0" branch="false" />
            <line number="372" hits="0" branch="false" />
            <line number="373" hits="0" branch="false" />
            <line number="374" hits="0" branch="false" />
            <line number="377" hits="0" branch="true" condition-coverage="0% (0/2)" />
            <line number="378" hits="0" branch="false" />
            <line number="379" hits="0" branch="false" />
            <line number="380" hits="0" branch="false" />
            <line number="381" hits="0" branch="false" />
            <line number="382" hits="0" branch="false" />
            <line number="383" hits="0" branch="false" />
            <line number="384" hits="0" branch="false" />
            <line number="385" hits="0" branch="false" />
            <line number="387" hits="0" branch="false" />
            <line number="388" hits="0" branch="false" />
            <line number="389" hits="0" branch="false" />
            <line number="390" hits="0" branch="false" />
            <line number="391" hits="0" branch="false" />
            <line number="392" hits="0" branch="false" />
            <line number="394" hits="0" branch="true" condition-coverage="0% (0/2)" />
            <line number="395" hits="0" branch="false" />
            <line number="396" hits="0" branch="false" />
            <line number="397" hits="0" branch="false" />
            <line number="398" hits="0" branch="false" />
            <line number="399" hits="0" branch="false" />
            <line number="400" hits="0" branch="false" />
            <line number="402" hits="0" branch="false" />
            <line number="403" hits="0" branch="false" />
            <line number="404" hits="0" branch="false" />
            <line number="410" hits="0" branch="false" />
            <line number="411" hits="0" branch="false" />
            <line number="412" hits="0" branch="false" />
            <line number="413" hits="0" branch="false" />
            <line number="419" hits="0" branch="false" />
            <line number="420" hits="0" branch="false" />
            <line number="421" hits="0" branch="false" />
            <line number="427" hits="0" branch="false" />
            <line number="428" hits="0" branch="true" condition-coverage="0% (0/4)" />
            <line number="429" hits="0" branch="false" />
            <line number="430" hits="0" branch="true" condition-coverage="0% (0/2)" />
          </lines>
        </class>
        <class name="Mediator.Internals.StreamQueryHandlerWrapper`2" filename="/home/runner/work/tuisecretary/tuisecretary/src/Application/obj/Debug/net8.0/Mediator.SourceGenerator/Mediator.SourceGenerator.IncrementalMediatorGenerator/Mediator.g.cs" line-rate="0" branch-rate="0" complexity="13">
          <methods>
            <method name="Init" signature="(Mediator.Internals.ContainerMetadata,System.IServiceProvider)" line-rate="0" branch-rate="0" complexity="4">
              <lines>
                <line number="532" hits="0" branch="false" />
                <line number="533" hits="0" branch="false" />
                <line number="534" hits="0" branch="false" />
                <line number="535" hits="0" branch="false" />
                <line number="538" hits="0" branch="true" condition-coverage="0% (0/2)" />
                <line number="539" hits="0" branch="false" />
                <line number="540" hits="0" branch="false" />
                <line number="541" hits="0" branch="false" />
                <line number="542" hits="0" branch="false" />
                <line number="543" hits="0" branch="false" />
                <line number="544" hits="0" branch="false" />
                <line number="545" hits="0" branch="false" />
                <line number="546" hits="0" branch="false" />
                <line number="548" hits="0" branch="false" />
                <line number="549" hits="0" branch="false" />
                <line number="550" hits="0" branch="false" />
                <line number="551" hits="0" branch="false" />
                <line number="552" hits="0" branch="false" />
                <line number="553" hits="0" branch="false" />
                <line number="555" hits="0" branch="true" condition-coverage="0% (0/2)" />
                <line number="556" hits="0" branch="false" />
                <line number="557" hits="0" branch="false" />
                <line number="558" hits="0" branch="false" />
                <line number="559" hits="0" branch="false" />
                <line number="560" hits="0" branch="false" />
                <line number="561" hits="0" branch="false" />
                <line number="563" hits="0" branch="false" />
                <line number="564" hits="0" branch="false" />
                <line number="565" hits="0" branch="false" />
              </lines>
            </method>
            <method name="Handle" signature="(TRequest,System.Threading.CancellationToken)" line-rate="0" branch-rate="1" complexity="1">
              <lines>
                <line number="571" hits="0" branch="false" />
                <line number="572" hits="0" branch="false" />
                <line number="573" hits="0" branch="false" />
                <line number="574" hits="0" branch="false" />
              </lines>
            </method>
            <method name="Handle" signature="(Mediator.IStreamQuery`1&lt;TResponse&gt;,System.Threading.CancellationToken)" line-rate="0" branch-rate="1" complexity="1">
              <lines>
                <line number="580" hits="0" branch="false" />
                <line number="581" hits="0" branch="false" />
                <line number="582" hits="0" branch="false" />
              </lines>
            </method>
            <method name=".ctor" signature="()" line-rate="0" branch-rate="1" complexity="1">
              <lines>
                <line number="526" hits="0" branch="false" />
              </lines>
            </method>
            <method name="Handle" signature="()" line-rate="0" branch-rate="0" complexity="6">
              <lines>
                <line number="588" hits="0" branch="false" />
                <line number="589" hits="0" branch="true" condition-coverage="0% (0/4)" />
                <line number="590" hits="0" branch="false" />
                <line number="591" hits="0" branch="true" condition-coverage="0% (0/2)" />
              </lines>
            </method>
          </methods>
          <lines>
            <line number="526" hits="0" branch="false" />
            <line number="532" hits="0" branch="false" />
            <line number="533" hits="0" branch="false" />
            <line number="534" hits="0" branch="false" />
            <line number="535" hits="0" branch="false" />
            <line number="538" hits="0" branch="true" condition-coverage="0% (0/2)" />
            <line number="539" hits="0" branch="false" />
            <line number="540" hits="0" branch="false" />
            <line number="541" hits="0" branch="false" />
            <line number="542" hits="0" branch="false" />
            <line number="543" hits="0" branch="false" />
            <line number="544" hits="0" branch="false" />
            <line number="545" hits="0" branch="false" />
            <line number="546" hits="0" branch="false" />
            <line number="548" hits="0" branch="false" />
            <line number="549" hits="0" branch="false" />
            <line number="550" hits="0" branch="false" />
            <line number="551" hits="0" branch="false" />
            <line number="552" hits="0" branch="false" />
            <line number="553" hits="0" branch="false" />
            <line number="555" hits="0" branch="true" condition-coverage="0% (0/2)" />
            <line number="556" hits="0" branch="false" />
            <line number="557" hits="0" branch="false" />
            <line number="558" hits="0" branch="false" />
            <line number="559" hits="0" branch="false" />
            <line number="560" hits="0" branch="false" />
            <line number="561" hits="0" branch="false" />
            <line number="563" hits="0" branch="false" />
            <line number="564" hits="0" branch="false" />
            <line number="565" hits="0" branch="false" />
            <line number="571" hits="0" branch="false" />
            <line number="572" hits="0" branch="false" />
            <line number="573" hits="0" branch="false" />
            <line number="574" hits="0" branch="false" />
            <line number="580" hits="0" branch="false" />
            <line number="581" hits="0" branch="false" />
            <line number="582" hits="0" branch="false" />
            <line number="588" hits="0" branch="false" />
            <line number="589" hits="0" branch="true" condition-coverage="0% (0/4)" />
            <line number="590" hits="0" branch="false" />
            <line number="591" hits="0" branch="true" condition-coverage="0% (0/2)" />
          </lines>
        </class>
        <class name="Mediator.Internals.StreamRequestHandlerWrapper`2" filename="/home/runner/work/tuisecretary/tuisecretary/src/Application/obj/Debug/net8.0/Mediator.SourceGenerator/Mediator.SourceGenerator.IncrementalMediatorGenerator/Mediator.g.cs" line-rate="0" branch-rate="0" complexity="13">
          <methods>
            <method name="Init" signature="(Mediator.Internals.ContainerMetadata,System.IServiceProvider)" line-rate="0" branch-rate="0" complexity="4">
              <lines>
                <line number="210" hits="0" branch="false" />
                <line number="211" hits="0" branch="false" />
                <line number="212" hits="0" branch="false" />
                <line number="213" hits="0" branch="false" />
                <line number="216" hits="0" branch="true" condition-coverage="0% (0/2)" />
                <line number="217" hits="0" branch="false" />
                <line number="218" hits="0" branch="false" />
                <line number="219" hits="0" branch="false" />
                <line number="220" hits="0" branch="false" />
                <line number="221" hits="0" branch="false" />
                <line number="222" hits="0" branch="false" />
                <line number="223" hits="0" branch="false" />
                <line number="224" hits="0" branch="false" />
                <line number="226" hits="0" branch="false" />
                <line number="227" hits="0" branch="false" />
                <line number="228" hits="0" branch="false" />
                <line number="229" hits="0" branch="false" />
                <line number="230" hits="0" branch="false" />
                <line number="231" hits="0" branch="false" />
                <line number="233" hits="0" branch="true" condition-coverage="0% (0/2)" />
                <line number="234" hits="0" branch="false" />
                <line number="235" hits="0" branch="false" />
                <line number="236" hits="0" branch="false" />
                <line number="237" hits="0" branch="false" />
                <line number="238" hits="0" branch="false" />
                <line number="239" hits="0" branch="false" />
                <line number="241" hits="0" branch="false" />
                <line number="242" hits="0" branch="false" />
                <line number="243" hits="0" branch="false" />
              </lines>
            </method>
            <method name="Handle" signature="(TRequest,System.Threading.CancellationToken)" line-rate="0" branch-rate="1" complexity="1">
              <lines>
                <line number="249" hits="0" branch="false" />
                <line number="250" hits="0" branch="false" />
                <line number="251" hits="0" branch="false" />
                <line number="252" hits="0" branch="false" />
              </lines>
            </method>
            <method name="Handle" signature="(Mediator.IStreamRequest`1&lt;TResponse&gt;,System.Threading.CancellationToken)" line-rate="0" branch-rate="1" complexity="1">
              <lines>
                <line number="258" hits="0" branch="false" />
                <line number="259" hits="0" branch="false" />
                <line number="260" hits="0" branch="false" />
              </lines>
            </method>
            <method name=".ctor" signature="()" line-rate="0" branch-rate="1" complexity="1">
              <lines>
                <line number="204" hits="0" branch="false" />
              </lines>
            </method>
            <method name="Handle" signature="()" line-rate="0" branch-rate="0" complexity="6">
              <lines>
                <line number="266" hits="0" branch="false" />
                <line number="267" hits="0" branch="true" condition-coverage="0% (0/4)" />
                <line number="268" hits="0" branch="false" />
                <line number="269" hits="0" branch="true" condition-coverage="0% (0/2)" />
              </lines>
            </method>
          </methods>
          <lines>
            <line number="204" hits="0" branch="false" />
            <line number="210" hits="0" branch="false" />
            <line number="211" hits="0" branch="false" />
            <line number="212" hits="0" branch="false" />
            <line number="213" hits="0" branch="false" />
            <line number="216" hits="0" branch="true" condition-coverage="0% (0/2)" />
            <line number="217" hits="0" branch="false" />
            <line number="218" hits="0" branch="false" />
            <line number="219" hits="0" branch="false" />
            <line number="220" hits="0" branch="false" />
            <line number="221" hits="0" branch="false" />
            <line number="222" hits="0" branch="false" />
            <line number="223" hits="0" branch="false" />
            <line number="224" hits="0" branch="false" />
            <line number="226" hits="0" branch="false" />
            <line number="227" hits="0" branch="false" />
            <line number="228" hits="0" branch="false" />
            <line number="229" hits="0" branch="false" />
            <line number="230" hits="0" branch="false" />
            <line number="231" hits="0" branch="false" />
            <line number="233" hits="0" branch="true" condition-coverage="0% (0/2)" />
            <line number="234" hits="0" branch="false" />
            <line number="235" hits="0" branch="false" />
            <line number="236" hits="0" branch="false" />
            <line number="237" hits="0" branch="false" />
            <line number="238" hits="0" branch="false" />
            <line number="239" hits="0" branch="false" />
            <line number="241" hits="0" branch="false" />
            <line number="242" hits="0" branch="false" />
            <line number="243" hits="0" branch="false" />
            <line number="249" hits="0" branch="false" />
            <line number="250" hits="0" branch="false" />
            <line number="251" hits="0" branch="false" />
            <line number="252" hits="0" branch="false" />
            <line number="258" hits="0" branch="false" />
            <line number="259" hits="0" branch="false" />
            <line number="260" hits="0" branch="false" />
            <line number="266" hits="0" branch="false" />
            <line number="267" hits="0" branch="true" condition-coverage="0% (0/4)" />
            <line number="268" hits="0" branch="false" />
            <line number="269" hits="0" branch="true" condition-coverage="0% (0/2)" />
          </lines>
        </class>
        <class name="Mediator.Mediator" filename="/home/runner/work/tuisecretary/tuisecretary/src/Application/obj/Debug/net8.0/Mediator.SourceGenerator/Mediator.SourceGenerator.IncrementalMediatorGenerator/Mediator.g.cs" line-rate="0" branch-rate="0" complexity="101">
          <methods>
            <method name="get_NotificationPublisher" signature="()" line-rate="0" branch-rate="0" complexity="2">
              <lines>
                <line number="738" hits="0" branch="false" />
                <line number="739" hits="0" branch="true" condition-coverage="0% (0/2)" />
                <line number="740" hits="0" branch="false" />
                <line number="741" hits="0" branch="false" />
                <line number="742" hits="0" branch="false" />
              </lines>
            </method>
            <method name="get_ServicesUnderlyingTypeIsArray" signature="()" line-rate="0" branch-rate="0" complexity="2">
              <lines>
                <line number="749" hits="0" branch="false" />
                <line number="750" hits="0" branch="true" condition-coverage="0% (0/2)" />
                <line number="751" hits="0" branch="false" />
                <line number="752" hits="0" branch="false" />
                <line number="753" hits="0" branch="false" />
              </lines>
            </method>
            <method name="Send" signature="(TuiSecretary.Application.Commands.Notes.CreateNoteCommand,System.Threading.CancellationToken)" line-rate="0" branch-rate="1" complexity="1">
              <lines>
                <line number="855" hits="0" branch="false" />
                <line number="856" hits="0" branch="false" />
                <line number="857" hits="0" branch="false" />
                <line number="858" hits="0" branch="false" />
              </lines>
            </method>
            <method name="Send" signature="(TuiSecretary.Application.Queries.Notes.GetAllNotesQuery,System.Threading.CancellationToken)" line-rate="0" branch-rate="1" complexity="1">
              <lines>
                <line number="871" hits="0" branch="false" />
                <line number="872" hits="0" branch="false" />
                <line number="873" hits="0" branch="false" />
                <line number="874" hits="0" branch="false" />
              </lines>
            </method>
            <method name="Send" signature="(TuiSecretary.Application.Queries.Notes.GetNoteByIdQuery,System.Threading.CancellationToken)" line-rate="0" branch-rate="1" complexity="1">
              <lines>
                <line number="887" hits="0" branch="false" />
                <line number="888" hits="0" branch="false" />
                <line number="889" hits="0" branch="false" />
                <line number="890" hits="0" branch="false" />
              </lines>
            </method>
            <method name="Send" signature="(Mediator.IRequest`1&lt;TResponse&gt;,System.Threading.CancellationToken)" line-rate="0" branch-rate="1" complexity="1">
              <lines>
                <line number="905" hits="0" branch="false" />
                <line number="906" hits="0" branch="false" />
                <line number="907" hits="0" branch="false" />
                <line number="908" hits="0" branch="false" />
              </lines>
            </method>
            <method name="CreateStream" signature="(Mediator.IStreamRequest`1&lt;TResponse&gt;,System.Threading.CancellationToken)" line-rate="0" branch-rate="1" complexity="1">
              <lines>
                <line number="932" hits="0" branch="false" />
                <line number="933" hits="0" branch="false" />
                <line number="934" hits="0" branch="false" />
                <line number="935" hits="0" branch="false" />
              </lines>
            </method>
            <method name="Send" signature="(Mediator.ICommand`1&lt;TResponse&gt;,System.Threading.CancellationToken)" line-rate="0" branch-rate="0" complexity="4">
              <lines>
                <line number="950" hits="0" branch="false" />
                <line number="951" hits="0" branch="true" condition-coverage="0% (0/2)" />
                <line number="954" hits="0" branch="false" />
                <line number="955" hits="0" branch="true" condition-coverage="0% (0/2)" />
                <line number="956" hits="0" branch="false" />
                <line number="957" hits="0" branch="false" />
                <line number="958" hits="0" branch="false" />
                <line number="960" hits="0" branch="false" />
                <line number="963" hits="0" branch="false" />
                <line number="964" hits="0" branch="false" />
                <line number="965" hits="0" branch="false" />
                <line number="968" hits="0" branch="false" />
              </lines>
            </method>
            <method name="CreateStream" signature="(Mediator.IStreamCommand`1&lt;TResponse&gt;,System.Threading.CancellationToken)" line-rate="0" branch-rate="1" complexity="1">
              <lines>
                <line number="1003" hits="0" branch="false" />
                <line number="1004" hits="0" branch="false" />
                <line number="1005" hits="0" branch="false" />
                <line number="1006" hits="0" branch="false" />
              </lines>
            </method>
            <method name="Send" signature="(Mediator.IQuery`1&lt;TResponse&gt;,System.Threading.CancellationToken)" line-rate="0" branch-rate="0" complexity="8">
              <lines>
                <line number="1021" hits="0" branch="false" />
                <line number="1022" hits="0" branch="true" condition-coverage="0% (0/4)" />
                <line number="1025" hits="0" branch="false" />
                <line number="1026" hits="0" branch="true" condition-coverage="0% (0/2)" />
                <line number="1027" hits="0" branch="false" />
                <line number="1028" hits="0" branch="false" />
                <line number="1029" hits="0" branch="false" />
                <line number="1031" hits="0" branch="false" />
                <line number="1034" hits="0" branch="false" />
                <line number="1035" hits="0" branch="true" condition-coverage="0% (0/2)" />
                <line number="1036" hits="0" branch="false" />
                <line number="1037" hits="0" branch="false" />
                <line number="1038" hits="0" branch="false" />
                <line number="1040" hits="0" branch="false" />
                <line number="1043" hits="0" branch="false" />
                <line number="1044" hits="0" branch="false" />
                <line number="1045" hits="0" branch="false" />
                <line number="1048" hits="0" branch="false" />
              </lines>
            </method>
            <method name="CreateStream" signature="(Mediator.IStreamQuery`1&lt;TResponse&gt;,System.Threading.CancellationToken)" line-rate="0" branch-rate="1" complexity="1">
              <lines>
                <line number="1088" hits="0" branch="false" />
                <line number="1089" hits="0" branch="false" />
                <line number="1090" hits="0" branch="false" />
                <line number="1091" hits="0" branch="false" />
              </lines>
            </method>
            <method name="CreateStream" signature="(System.Object,System.Threading.CancellationToken)" line-rate="0" branch-rate="1" complexity="1">
              <lines>
                <line number="1158" hits="0" branch="false" />
                <line number="1159" hits="0" branch="false" />
                <line number="1160" hits="0" branch="false" />
                <line number="1161" hits="0" branch="false" />
              </lines>
            </method>
            <method name="Publish" signature="(System.Object,System.Threading.CancellationToken)" line-rate="0" branch-rate="1" complexity="1">
              <lines>
                <line number="1177" hits="0" branch="false" />
                <line number="1178" hits="0" branch="false" />
                <line number="1179" hits="0" branch="false" />
                <line number="1180" hits="0" branch="false" />
              </lines>
            </method>
            <method name="Publish" signature="(TNotification,System.Threading.CancellationToken)" line-rate="0" branch-rate="1" complexity="1">
              <lines>
                <line number="1196" hits="0" branch="false" />
                <line number="1197" hits="0" branch="false" />
                <line number="1198" hits="0" branch="false" />
                <line number="1199" hits="0" branch="false" />
              </lines>
            </method>
            <method name="ThrowMissingHandler" signature="(System.Object)" line-rate="0" branch-rate="1" complexity="1">
              <lines>
                <line number="1205" hits="0" branch="false" />
              </lines>
            </method>
            <method name="ThrowInvalidMessage" signature="(T,System.String)" line-rate="0" branch-rate="0" complexity="4">
              <lines>
                <line number="1211" hits="0" branch="false" />
                <line number="1212" hits="0" branch="true" condition-coverage="0% (0/2)" />
                <line number="1213" hits="0" branch="false" />
                <line number="1214" hits="0" branch="true" condition-coverage="0% (0/2)" />
                <line number="1215" hits="0" branch="false" />
                <line number="1217" hits="0" branch="false" />
                <line number="1218" hits="0" branch="false" />
              </lines>
            </method>
            <method name="ThrowInvalidRequest" signature="(T,System.String)" line-rate="0" branch-rate="0" complexity="4">
              <lines>
                <line number="1224" hits="0" branch="false" />
                <line number="1225" hits="0" branch="true" condition-coverage="0% (0/2)" />
                <line number="1226" hits="0" branch="false" />
                <line number="1227" hits="0" branch="true" condition-coverage="0% (0/2)" />
                <line number="1228" hits="0" branch="false" />
                <line number="1230" hits="0" branch="false" />
                <line number="1231" hits="0" branch="false" />
              </lines>
            </method>
            <method name="ThrowInvalidCommand" signature="(T,System.String)" line-rate="0" branch-rate="0" complexity="4">
              <lines>
                <line number="1237" hits="0" branch="false" />
                <line number="1238" hits="0" branch="true" condition-coverage="0% (0/2)" />
                <line number="1239" hits="0" branch="false" />
                <line number="1240" hits="0" branch="true" condition-coverage="0% (0/2)" />
                <line number="1241" hits="0" branch="false" />
                <line number="1243" hits="0" branch="false" />
                <line number="1244" hits="0" branch="false" />
              </lines>
            </method>
            <method name="ThrowInvalidQuery" signature="(T,System.String)" line-rate="0" branch-rate="0" complexity="4">
              <lines>
                <line number="1250" hits="0" branch="false" />
                <line number="1251" hits="0" branch="true" condition-coverage="0% (0/2)" />
                <line number="1252" hits="0" branch="false" />
                <line number="1253" hits="0" branch="true" condition-coverage="0% (0/2)" />
                <line number="1254" hits="0" branch="false" />
                <line number="1256" hits="0" branch="false" />
                <line number="1257" hits="0" branch="false" />
              </lines>
            </method>
            <method name="ThrowInvalidStreamMessage" signature="(T,System.String)" line-rate="0" branch-rate="0" complexity="4">
              <lines>
                <line number="1263" hits="0" branch="false" />
                <line number="1264" hits="0" branch="true" condition-coverage="0% (0/2)" />
                <line number="1265" hits="0" branch="false" />
                <line number="1266" hits="0" branch="true" condition-coverage="0% (0/2)" />
                <line number="1267" hits="0" branch="false" />
                <line number="1269" hits="0" branch="false" />
                <line number="1270" hits="0" branch="false" />
              </lines>
            </method>
            <method name="ThrowInvalidStreamRequest" signature="(T,System.String)" line-rate="0" branch-rate="0" complexity="4">
              <lines>
                <line number="1276" hits="0" branch="false" />
                <line number="1277" hits="0" branch="true" condition-coverage="0% (0/2)" />
                <line number="1278" hits="0" branch="false" />
                <line number="1279" hits="0" branch="true" condition-coverage="0% (0/2)" />
                <line number="1280" hits="0" branch="false" />
                <line number="1282" hits="0" branch="false" />
                <line number="1283" hits="0" branch="false" />
              </lines>
            </method>
            <method name="ThrowInvalidStreamCommand" signature="(T,System.String)" line-rate="0" branch-rate="0" complexity="4">
              <lines>
                <line number="1289" hits="0" branch="false" />
                <line number="1290" hits="0" branch="true" condition-coverage="0% (0/2)" />
                <line number="1291" hits="0" branch="false" />
                <line number="1292" hits="0" branch="true" condition-coverage="0% (0/2)" />
                <line number="1293" hits="0" branch="false" />
                <line number="1295" hits="0" branch="false" />
                <line number="1296" hits="0" branch="false" />
              </lines>
            </method>
            <method name="ThrowInvalidStreamQuery" signature="(T,System.String)" line-rate="0" branch-rate="0" complexity="4">
              <lines>
                <line number="1302" hits="0" branch="false" />
                <line number="1303" hits="0" branch="true" condition-coverage="0% (0/2)" />
                <line number="1304" hits="0" branch="false" />
                <line number="1305" hits="0" branch="true" condition-coverage="0% (0/2)" />
                <line number="1306" hits="0" branch="false" />
                <line number="1308" hits="0" branch="false" />
                <line number="1309" hits="0" branch="false" />
              </lines>
            </method>
            <method name="ThrowArgumentNull" signature="(System.String)" line-rate="0" branch-rate="1" complexity="1">
              <lines>
                <line number="1315" hits="0" branch="false" />
              </lines>
            </method>
            <method name="ThrowInvalidMessage" signature="(T)" line-rate="0" branch-rate="1" complexity="1">
              <lines>
                <line number="1321" hits="0" branch="false" />
              </lines>
            </method>
            <method name="ThrowIfNull" signature="(T,System.String)" line-rate="0" branch-rate="0" complexity="2">
              <lines>
                <line number="1324" hits="0" branch="false" />
                <line number="1325" hits="0" branch="true" condition-coverage="0% (0/2)" />
                <line number="1326" hits="0" branch="false" />
                <line number="1327" hits="0" branch="false" />
              </lines>
            </method>
            <method name="ThrowInvalidNotification" signature="(T,System.String)" line-rate="0" branch-rate="0" complexity="4">
              <lines>
                <line number="1330" hits="0" branch="false" />
                <line number="1331" hits="0" branch="true" condition-coverage="0% (0/2)" />
                <line number="1332" hits="0" branch="false" />
                <line number="1333" hits="0" branch="true" condition-coverage="0% (0/2)" />
                <line number="1334" hits="0" branch="false" />
                <line number="1335" hits="0" branch="false" />
              </lines>
            </method>
            <method name="ThrowAggregateException" signature="(System.Collections.Generic.List`1&lt;System.Exception&gt;)" line-rate="0" branch-rate="1" complexity="1">
              <lines>
                <line number="1341" hits="0" branch="false" />
              </lines>
            </method>
            <method name="MaybeThrowAggregateException" signature="(System.Collections.Generic.List`1&lt;System.Exception&gt;)" line-rate="0" branch-rate="0" complexity="2">
              <lines>
                <line number="1344" hits="0" branch="false" />
                <line number="1345" hits="0" branch="true" condition-coverage="0% (0/2)" />
                <line number="1346" hits="0" branch="false" />
                <line number="1347" hits="0" branch="false" />
                <line number="1348" hits="0" branch="false" />
                <line number="1349" hits="0" branch="false" />
              </lines>
            </method>
            <method name=".ctor" signature="(System.IServiceProvider)" line-rate="0" branch-rate="1" complexity="1">
              <lines>
                <line number="774" hits="0" branch="false" />
                <line number="775" hits="0" branch="false" />
                <line number="776" hits="0" branch="false" />
                <line number="777" hits="0" branch="false" />
                <line number="778" hits="0" branch="false" />
                <line number="779" hits="0" branch="false" />
                <line number="780" hits="0" branch="false" />
                <line number="781" hits="0" branch="false" />
              </lines>
            </method>
            <method name="get_Value" signature="()" line-rate="0" branch-rate="0" complexity="2">
              <lines>
                <line number="798" hits="0" branch="false" />
                <line number="799" hits="0" branch="true" condition-coverage="0% (0/2)" />
                <line number="800" hits="0" branch="false" />
                <line number="802" hits="0" branch="false" />
                <line number="803" hits="0" branch="false" />
              </lines>
            </method>
            <method name="get_ValueSlow" signature="()" line-rate="0" branch-rate="0" complexity="8">
              <lines>
                <line number="810" hits="0" branch="false" />
                <line number="811" hits="0" branch="false" />
                <line number="812" hits="0" branch="true" condition-coverage="0% (0/6)" />
                <line number="816" hits="0" branch="false" />
                <line number="819" hits="0" branch="false" />
                <line number="820" hits="0" branch="true" condition-coverage="0% (0/2)" />
                <line number="821" hits="0" branch="false" />
                <line number="822" hits="0" branch="false" />
                <line number="824" hits="0" branch="false" />
                <line number="825" hits="0" branch="false" />
                <line number="826" hits="0" branch="false" />
                <line number="829" hits="0" branch="false" />
                <line number="830" hits="0" branch="false" />
              </lines>
            </method>
            <method name=".ctor" signature="(System.Func`2&lt;TArg,T&gt;,TArg)" line-rate="0" branch-rate="1" complexity="1">
              <lines>
                <line number="834" hits="0" branch="false" />
                <line number="835" hits="0" branch="false" />
                <line number="836" hits="0" branch="false" />
                <line number="837" hits="0" branch="false" />
                <line number="838" hits="0" branch="false" />
                <line number="839" hits="0" branch="false" />
              </lines>
            </method>
            <method name="Send" signature="()" line-rate="0" branch-rate="0" complexity="12">
              <lines>
                <line number="1106" hits="0" branch="false" />
                <line number="1107" hits="0" branch="true" condition-coverage="0% (0/6)" />
                <line number="1110" hits="0" branch="false" />
                <line number="1113" hits="0" branch="false" />
                <line number="1114" hits="0" branch="false" />
                <line number="1115" hits="0" branch="false" />
                <line number="1119" hits="0" branch="true" condition-coverage="0% (0/2)" />
                <line number="1121" hits="0" branch="false" />
                <line number="1123" hits="0" branch="false" />
                <line number="1124" hits="0" branch="false" />
                <line number="1125" hits="0" branch="false" />
                <line number="1129" hits="0" branch="true" condition-coverage="0% (0/4)" />
                <line number="1131" hits="0" branch="false" />
                <line number="1132" hits="0" branch="false" />
                <line number="1134" hits="0" branch="false" />
                <line number="1135" hits="0" branch="false" />
                <line number="1136" hits="0" branch="false" />
                <line number="1140" hits="0" branch="false" />
                <line number="1141" hits="0" branch="false" />
                <line number="1143" hits="0" branch="false" />
              </lines>
            </method>
            <method name="SendAsync" signature="()" line-rate="0" branch-rate="1" complexity="1">
              <lines>
                <line number="914" hits="0" branch="false" />
                <line number="915" hits="0" branch="false" />
                <line number="916" hits="0" branch="false" />
                <line number="917" hits="0" branch="false" />
              </lines>
            </method>
            <method name="SendAsync" signature="()" line-rate="0" branch-rate="0" complexity="2">
              <lines>
                <line number="974" hits="0" branch="false" />
                <line number="975" hits="0" branch="true" condition-coverage="0% (0/2)" />
                <line number="978" hits="0" branch="false" />
                <line number="979" hits="0" branch="false" />
                <line number="980" hits="0" branch="false" />
                <line number="983" hits="0" branch="false" />
                <line number="984" hits="0" branch="false" />
                <line number="985" hits="0" branch="false" />
                <line number="988" hits="0" branch="false" />
              </lines>
            </method>
            <method name="SendAsync" signature="()" line-rate="0" branch-rate="0" complexity="4">
              <lines>
                <line number="1054" hits="0" branch="false" />
                <line number="1055" hits="0" branch="true" condition-coverage="0% (0/4)" />
                <line number="1058" hits="0" branch="false" />
                <line number="1059" hits="0" branch="false" />
                <line number="1060" hits="0" branch="false" />
                <line number="1063" hits="0" branch="false" />
                <line number="1064" hits="0" branch="false" />
                <line number="1065" hits="0" branch="false" />
                <line number="1068" hits="0" branch="false" />
                <line number="1069" hits="0" branch="false" />
                <line number="1070" hits="0" branch="false" />
                <line number="1073" hits="0" branch="false" />
              </lines>
            </method>
          </methods>
          <lines>
            <line number="738" hits="0" branch="false" />
            <line number="739" hits="0" branch="true" condition-coverage="0% (0/2)" />
            <line number="740" hits="0" branch="false" />
            <line number="741" hits="0" branch="false" />
            <line number="742" hits="0" branch="false" />
            <line number="749" hits="0" branch="false" />
            <line number="750" hits="0" branch="true" condition-coverage="0% (0/2)" />
            <line number="751" hits="0" branch="false" />
            <line number="752" hits="0" branch="false" />
            <line number="753" hits="0" branch="false" />
            <line number="774" hits="0" branch="false" />
            <line number="775" hits="0" branch="false" />
            <line number="776" hits="0" branch="false" />
            <line number="777" hits="0" branch="false" />
            <line number="778" hits="0" branch="false" />
            <line number="779" hits="0" branch="false" />
            <line number="780" hits="0" branch="false" />
            <line number="781" hits="0" branch="false" />
            <line number="798" hits="0" branch="false" />
            <line number="799" hits="0" branch="true" condition-coverage="0% (0/2)" />
            <line number="800" hits="0" branch="false" />
            <line number="802" hits="0" branch="false" />
            <line number="803" hits="0" branch="false" />
            <line number="810" hits="0" branch="false" />
            <line number="811" hits="0" branch="false" />
            <line number="812" hits="0" branch="true" condition-coverage="0% (0/6)" />
            <line number="816" hits="0" branch="false" />
            <line number="819" hits="0" branch="false" />
            <line number="820" hits="0" branch="true" condition-coverage="0% (0/2)" />
            <line number="821" hits="0" branch="false" />
            <line number="822" hits="0" branch="false" />
            <line number="824" hits="0" branch="false" />
            <line number="825" hits="0" branch="false" />
            <line number="826" hits="0" branch="false" />
            <line number="829" hits="0" branch="false" />
            <line number="830" hits="0" branch="false" />
            <line number="834" hits="0" branch="false" />
            <line number="835" hits="0" branch="false" />
            <line number="836" hits="0" branch="false" />
            <line number="837" hits="0" branch="false" />
            <line number="838" hits="0" branch="false" />
            <line number="839" hits="0" branch="false" />
            <line number="855" hits="0" branch="false" />
            <line number="856" hits="0" branch="false" />
            <line number="857" hits="0" branch="false" />
            <line number="858" hits="0" branch="false" />
            <line number="871" hits="0" branch="false" />
            <line number="872" hits="0" branch="false" />
            <line number="873" hits="0" branch="false" />
            <line number="874" hits="0" branch="false" />
            <line number="887" hits="0" branch="false" />
            <line number="888" hits="0" branch="false" />
            <line number="889" hits="0" branch="false" />
            <line number="890" hits="0" branch="false" />
            <line number="905" hits="0" branch="false" />
            <line number="906" hits="0" branch="false" />
            <line number="907" hits="0" branch="false" />
            <line number="908" hits="0" branch="false" />
            <line number="914" hits="0" branch="false" />
            <line number="915" hits="0" branch="false" />
            <line number="916" hits="0" branch="false" />
            <line number="917" hits="0" branch="false" />
            <line number="932" hits="0" branch="false" />
            <line number="933" hits="0" branch="false" />
            <line number="934" hits="0" branch="false" />
            <line number="935" hits="0" branch="false" />
            <line number="950" hits="0" branch="false" />
            <line number="951" hits="0" branch="true" condition-coverage="0% (0/2)" />
            <line number="954" hits="0" branch="false" />
            <line number="955" hits="0" branch="true" condition-coverage="0% (0/2)" />
            <line number="956" hits="0" branch="false" />
            <line number="957" hits="0" branch="false" />
            <line number="958" hits="0" branch="false" />
            <line number="960" hits="0" branch="false" />
            <line number="963" hits="0" branch="false" />
            <line number="964" hits="0" branch="false" />
            <line number="965" hits="0" branch="false" />
            <line number="968" hits="0" branch="false" />
            <line number="974" hits="0" branch="false" />
            <line number="975" hits="0" branch="true" condition-coverage="0% (0/2)" />
            <line number="978" hits="0" branch="false" />
            <line number="979" hits="0" branch="false" />
            <line number="980" hits="0" branch="false" />
            <line number="983" hits="0" branch="false" />
            <line number="984" hits="0" branch="false" />
            <line number="985" hits="0" branch="false" />
            <line number="988" hits="0" branch="false" />
            <line number="1003" hits="0" branch="false" />
            <line number="1004" hits="0" branch="false" />
            <line number="1005" hits="0" branch="false" />
            <line number="1006" hits="0" branch="false" />
            <line number="1021" hits="0" branch="false" />
            <line number="1022" hits="0" branch="true" condition-coverage="0% (0/4)" />
            <line number="1025" hits="0" branch="false" />
            <line number="1026" hits="0" branch="true" condition-coverage="0% (0/2)" />
            <line number="1027" hits="0" branch="false" />
            <line number="1028" hits="0" branch="false" />
[...]
            <line number="100" hits="2" branch="false" />
            <line number="101" hits="0" branch="false" />
            <line number="102" hits="0" branch="false" />
            <line number="103" hits="0" branch="false" />
            <line number="104" hits="0" branch="false" />
            <line number="105" hits="0" branch="false" />
            <line number="106" hits="0" branch="false" />
            <line number="107" hits="0" branch="false" />
            <line number="108" hits="0" branch="false" />
            <line number="109" hits="2" branch="false" />
            <line number="110" hits="0" branch="false" />
            <line number="111" hits="2" branch="false" />
            <line number="112" hits="2" branch="false" />
            <line number="113" hits="2" branch="false" />
            <line number="114" hits="0" branch="false" />
            <line number="115" hits="2" branch="false" />
            <line number="116" hits="0" branch="false" />
            <line number="117" hits="0" branch="false" />
            <line number="118" hits="0" branch="false" />
            <line number="119" hits="0" branch="false" />
            <line number="120" hits="2" branch="false" />
            <line number="121" hits="0" branch="false" />
            <line number="122" hits="0" branch="false" />
            <line number="123" hits="0" branch="false" />
            <line number="124" hits="2" branch="false" />
            <line number="126" hits="2" branch="false" />
            <line number="127" hits="2" branch="false" />
            <line number="128" hits="2" branch="false" />
            <line number="131" hits="2" branch="false" />
            <line number="132" hits="2" branch="false" />
            <line number="133" hits="2" branch="false" />
            <line number="136" hits="0" branch="false" />
            <line number="137" hits="0" branch="false" />
            <line number="138" hits="0" branch="false" />
            <line number="141" hits="2" branch="false" />
            <line number="143" hits="2" branch="false" />
            <line number="144" hits="2" branch="false" />
            <line number="146" hits="2" branch="false" />
            <line number="147" hits="0" branch="false" />
            <line number="148" hits="0" branch="true" condition-coverage="0% (0/2)" />
            <line number="149" hits="0" branch="false" />
            <line number="150" hits="0" branch="false" />
            <line number="151" hits="0" branch="false" />
            <line number="152" hits="0" branch="false" />
            <line number="153" hits="0" branch="true" condition-coverage="0% (0/2)" />
            <line number="154" hits="0" branch="true" condition-coverage="0% (0/2)" />
            <line number="155" hits="0" branch="false" />
            <line number="156" hits="0" branch="false" />
            <line number="157" hits="0" branch="false" />
            <line number="158" hits="0" branch="false" />
            <line number="159" hits="2" branch="false" />
            <line number="160" hits="2" branch="false" />
            <line number="161" hits="0" branch="false" />
            <line number="162" hits="0" branch="false" />
            <line number="163" hits="0" branch="false" />
            <line number="164" hits="0" branch="false" />
            <line number="165" hits="0" branch="false" />
            <line number="166" hits="0" branch="false" />
            <line number="167" hits="0" branch="false" />
            <line number="168" hits="2" branch="false" />
          </lines>
        </class>
        <class name="TuiSecretary.Presentation.Widgets.TodoListWidget" filename="/home/runner/work/tuisecretary/tuisecretary/src/Presentation/Widgets/TodoListWidget.cs" line-rate="0.6229508196721312" branch-rate="0.16666666666666666" complexity="9">
          <methods>
            <method name="get_Name" signature="()" line-rate="1" branch-rate="1" complexity="1">
              <lines>
                <line number="15" hits="2" branch="false" />
              </lines>
            </method>
            <method name="CreateWidgetView" signature="()" line-rate="0.7692307692307693" branch-rate="1" complexity="1">
              <lines>
                <line number="23" hits="2" branch="false" />
                <line number="24" hits="2" branch="false" />
                <line number="25" hits="2" branch="false" />
                <line number="26" hits="2" branch="false" />
                <line number="27" hits="2" branch="false" />
                <line number="28" hits="2" branch="false" />
                <line number="29" hits="2" branch="false" />
                <line number="30" hits="2" branch="false" />
                <line number="33" hits="2" branch="false" />
                <line number="34" hits="2" branch="false" />
                <line number="35" hits="2" branch="false" />
                <line number="36" hits="2" branch="false" />
                <line number="37" hits="2" branch="false" />
                <line number="39" hits="2" branch="false" />
                <line number="40" hits="2" branch="false" />
                <line number="41" hits="2" branch="false" />
                <line number="42" hits="2" branch="false" />
                <line number="43" hits="2" branch="false" />
                <line number="44" hits="2" branch="false" />
                <line number="45" hits="2" branch="false" />
                <line number="46" hits="2" branch="false" />
                <line number="47" hits="2" branch="false" />
                <line number="49" hits="2" branch="false" />
                <line number="50" hits="0" branch="false" />
                <line number="51" hits="0" branch="false" />
                <line number="52" hits="0" branch="false" />
                <line number="53" hits="0" branch="false" />
                <line number="54" hits="0" branch="false" />
                <line number="55" hits="0" branch="false" />
                <line number="56" hits="0" branch="false" />
                <line number="57" hits="2" branch="false" />
                <line number="59" hits="2" branch="false" />
                <line number="60" hits="2" branch="false" />
                <line number="61" hits="2" branch="false" />
                <line number="62" hits="2" branch="false" />
                <line number="63" hits="2" branch="false" />
                <line number="65" hits="2" branch="false" />
                <line number="66" hits="0" branch="false" />
                <line number="67" hits="2" branch="false" />
                <line number="68" hits="0" branch="false" />
                <line number="69" hits="2" branch="false" />
                <line number="70" hits="2" branch="false" />
                <line number="71" hits="2" branch="false" />
                <line number="72" hits="2" branch="false" />
                <line number="75" hits="2" branch="false" />
                <line number="76" hits="2" branch="false" />
                <line number="77" hits="2" branch="false" />
                <line number="78" hits="2" branch="false" />
                <line number="79" hits="2" branch="false" />
                <line number="81" hits="2" branch="false" />
                <line number="82" hits="2" branch="false" />
                <line number="83" hits="2" branch="false" />
                <line number="84" hits="2" branch="false" />
                <line number="85" hits="2" branch="false" />
                <line number="86" hits="2" branch="false" />
                <line number="87" hits="2" branch="false" />
                <line number="88" hits="2" branch="false" />
                <line number="89" hits="2" branch="false" />
                <line number="91" hits="2" branch="false" />
                <line number="92" hits="2" branch="false" />
                <line number="93" hits="2" branch="false" />
                <line number="94" hits="2" branch="false" />
                <line number="95" hits="2" branch="false" />
                <line number="97" hits="2" branch="false" />
                <line number="98" hits="0" branch="false" />
                <line number="99" hits="0" branch="false" />
                <line number="100" hits="0" branch="false" />
                <line number="101" hits="0" branch="false" />
                <line number="102" hits="0" branch="false" />
                <line number="103" hits="0" branch="false" />
                <line number="104" hits="2" branch="false" />
                <line number="105" hits="0" branch="false" />
                <line number="106" hits="0" branch="false" />
                <line number="107" hits="0" branch="false" />
                <line number="108" hits="2" branch="false" />
                <line number="110" hits="2" branch="false" />
                <line number="111" hits="2" branch="false" />
                <line number="112" hits="2" branch="false" />
              </lines>
            </method>
            <method name="InitializeWidget" signature="()" line-rate="1" branch-rate="1" complexity="1">
              <lines>
                <line number="115" hits="2" branch="false" />
                <line number="116" hits="2" branch="false" />
                <line number="117" hits="2" branch="false" />
              </lines>
            </method>
            <method name="Refresh" signature="()" line-rate="0" branch-rate="1" complexity="1">
              <lines>
                <line number="120" hits="0" branch="false" />
                <line number="121" hits="0" branch="false" />
                <line number="122" hits="0" branch="false" />
              </lines>
            </method>
            <method name="RefreshItems" signature="()" line-rate="0" branch-rate="0" complexity="2">
              <lines>
                <line number="150" hits="0" branch="false" />
                <line number="151" hits="0" branch="false" />
                <line number="152" hits="0" branch="false" />
                <line number="153" hits="0" branch="false" />
                <line number="154" hits="0" branch="false" />
                <line number="155" hits="0" branch="false" />
                <line number="156" hits="0" branch="true" condition-coverage="0% (0/2)" />
                <line number="157" hits="0" branch="false" />
                <line number="158" hits="0" branch="false" />
                <line number="159" hits="0" branch="false" />
                <line number="160" hits="0" branch="false" />
              </lines>
            </method>
            <method name=".ctor" signature="(TuiSecretary.Presentation.Services.ICachedApiClient)" line-rate="1" branch-rate="0.5" complexity="2">
              <lines>
                <line number="12" hits="2" branch="false" />
                <line number="15" hits="2" branch="false" />
                <line number="17" hits="2" branch="false" />
                <line number="18" hits="2" branch="false" />
                <line number="19" hits="2" branch="true" condition-coverage="50% (1/2)" />
                <line number="20" hits="2" branch="false" />
              </lines>
            </method>
            <method name="RefreshAsync" signature="()" line-rate="0.3333333333333333" branch-rate="0" complexity="1">
              <lines>
                <line number="125" hits="2" branch="false" />
                <line number="127" hits="2" branch="false" />
                <line number="128" hits="2" branch="false" />
                <line number="130" hits="2" branch="false" />
                <line number="131" hits="0" branch="false" />
                <line number="132" hits="0" branch="true" condition-coverage="0% (0/2)" />
                <line number="133" hits="0" branch="false" />
                <line number="134" hits="0" branch="false" />
                <line number="135" hits="0" branch="false" />
                <line number="136" hits="0" branch="false" />
                <line number="137" hits="0" branch="false" />
                <line number="138" hits="2" branch="false" />
                <line number="139" hits="2" branch="false" />
                <line number="140" hits="0" branch="false" />
                <line number="141" hits="0" branch="false" />
                <line number="142" hits="0" branch="false" />
                <line number="143" hits="0" branch="false" />
                <line number="144" hits="0" branch="false" />
                <line number="145" hits="0" branch="false" />
                <line number="146" hits="0" branch="false" />
                <line number="147" hits="2" branch="false" />
              </lines>
            </method>
          </methods>
          <lines>
            <line number="12" hits="2" branch="false" />
            <line number="15" hits="2" branch="false" />
            <line number="17" hits="2" branch="false" />
            <line number="18" hits="2" branch="false" />
            <line number="19" hits="2" branch="true" condition-coverage="50% (1/2)" />
            <line number="20" hits="2" branch="false" />
            <line number="23" hits="2" branch="false" />
            <line number="24" hits="2" branch="false" />
            <line number="25" hits="2" branch="false" />
            <line number="26" hits="2" branch="false" />
            <line number="27" hits="2" branch="false" />
            <line number="28" hits="2" branch="false" />
            <line number="29" hits="2" branch="false" />
            <line number="30" hits="2" branch="false" />
            <line number="33" hits="2" branch="false" />
            <line number="34" hits="2" branch="false" />
            <line number="35" hits="2" branch="false" />
            <line number="36" hits="2" branch="false" />
            <line number="37" hits="2" branch="false" />
            <line number="39" hits="2" branch="false" />
            <line number="40" hits="2" branch="false" />
            <line number="41" hits="2" branch="false" />
            <line number="42" hits="2" branch="false" />
            <line number="43" hits="2" branch="false" />
            <line number="44" hits="2" branch="false" />
            <line number="45" hits="2" branch="false" />
            <line number="46" hits="2" branch="false" />
            <line number="47" hits="2" branch="false" />
            <line number="49" hits="2" branch="false" />
            <line number="50" hits="0" branch="false" />
            <line number="51" hits="0" branch="false" />
            <line number="52" hits="0" branch="false" />
            <line number="53" hits="0" branch="false" />
            <line number="54" hits="0" branch="false" />
            <line number="55" hits="0" branch="false" />
            <line number="56" hits="0" branch="false" />
            <line number="57" hits="2" branch="false" />
            <line number="59" hits="2" branch="false" />
            <line number="60" hits="2" branch="false" />
            <line number="61" hits="2" branch="false" />
            <line number="62" hits="2" branch="false" />
            <line number="63" hits="2" branch="false" />
            <line number="65" hits="2" branch="false" />
            <line number="66" hits="0" branch="false" />
            <line number="67" hits="2" branch="false" />
            <line number="68" hits="0" branch="false" />
            <line number="69" hits="2" branch="false" />
            <line number="70" hits="2" branch="false" />
            <line number="71" hits="2" branch="false" />
            <line number="72" hits="2" branch="false" />
            <line number="75" hits="2" branch="false" />
            <line number="76" hits="2" branch="false" />
            <line number="77" hits="2" branch="false" />
            <line number="78" hits="2" branch="false" />
            <line number="79" hits="2" branch="false" />
            <line number="81" hits="2" branch="false" />
            <line number="82" hits="2" branch="false" />
            <line number="83" hits="2" branch="false" />
            <line number="84" hits="2" branch="false" />
            <line number="85" hits="2" branch="false" />
            <line number="86" hits="2" branch="false" />
            <line number="87" hits="2" branch="false" />
            <line number="88" hits="2" branch="false" />
            <line number="89" hits="2" branch="false" />
            <line number="91" hits="2" branch="false" />
            <line number="92" hits="2" branch="false" />
            <line number="93" hits="2" branch="false" />
            <line number="94" hits="2" branch="false" />
            <line number="95" hits="2" branch="false" />
            <line number="97" hits="2" branch="false" />
            <line number="98" hits="0" branch="false" />
            <line number="99" hits="0" branch="false" />
            <line number="100" hits="0" branch="false" />
            <line number="101" hits="0" branch="false" />
            <line number="102" hits="0" branch="false" />
            <line number="103" hits="0" branch="false" />
            <line number="104" hits="2" branch="false" />
            <line number="105" hits="0" branch="false" />
            <line number="106" hits="0" branch="false" />
            <line number="107" hits="0" branch="false" />
            <line number="108" hits="2" branch="false" />
            <line number="110" hits="2" branch="false" />
            <line number="111" hits="2" branch="false" />
            <line number="112" hits="2" branch="false" />
            <line number="115" hits="2" branch="false" />
            <line number="116" hits="2" branch="false" />
            <line number="117" hits="2" branch="false" />
            <line number="120" hits="0" branch="false" />
            <line number="121" hits="0" branch="false" />
            <line number="122" hits="0" branch="false" />
            <line number="125" hits="2" branch="false" />
            <line number="127" hits="2" branch="false" />
            <line number="128" hits="2" branch="false" />
            <line number="130" hits="2" branch="false" />
            <line number="131" hits="0" branch="false" />
            <line number="132" hits="0" branch="true" condition-coverage="0% (0/2)" />
            <line number="133" hits="0" branch="false" />
            <line number="134" hits="0" branch="false" />
            <line number="135" hits="0" branch="false" />
            <line number="136" hits="0" branch="false" />
            <line number="137" hits="0" branch="false" />
            <line number="138" hits="2" branch="false" />
            <line number="139" hits="2" branch="false" />
            <line number="140" hits="0" branch="false" />
            <line number="141" hits="0" branch="false" />
            <line number="142" hits="0" branch="false" />
            <line number="143" hits="0" branch="false" />
            <line number="144" hits="0" branch="false" />
            <line number="145" hits="0" branch="false" />
            <line number="146" hits="0" branch="false" />
            <line number="147" hits="2" branch="false" />
            <line number="150" hits="0" branch="false" />
            <line number="151" hits="0" branch="false" />
            <line number="152" hits="0" branch="false" />
            <line number="153" hits="0" branch="false" />
            <line number="154" hits="0" branch="false" />
            <line number="155" hits="0" branch="false" />
            <line number="156" hits="0" branch="true" condition-coverage="0% (0/2)" />
            <line number="157" hits="0" branch="false" />
            <line number="158" hits="0" branch="false" />
            <line number="159" hits="0" branch="false" />
            <line number="160" hits="0" branch="false" />
          </lines>
        </class>
      </classes>
    </package>
  </packages>
</coverage>