<?xml version="1.0" encoding="utf-8"?>
<!DOCTYPE coverage SYSTEM "http://cobertura.sourceforge.net/xml/coverage-04.dtd">
<coverage line-rate="0.3947784810126582" branch-rate="0.3942857142857143" lines-covered="499" lines-valid="1264" branches-covered="138" branches-valid="350" complexity="530" version="0" timestamp="1758791336">
  <sources>
    <source>/home/runner/work/tuisecretary/tuisecretary/src/</source>
    <source>/home/runner/work/tuisecretary/tuisecretary/src/Domain/Entities/</source>
  </sources>
  <packages>
    <package name="TuiSecretary.Application" line-rate="0.17488789237668162" branch-rate="0.125" complexity="333">
      <classes>
        <class name="Mediator.AssemblyReference" filename="/home/runner/work/tuisecretary/tuisecretary/src/Application/obj/Debug/net8.0/Mediator.SourceGenerator/Mediator.SourceGenerator.IncrementalMediatorGenerator/AssemblyReference.g.cs" line-rate="0" branch-rate="1" complexity="4">
          <methods>
            <method name="get_Assembly" signature="()" line-rate="0" branch-rate="1" complexity="1">
              <lines>
                <line number="17" hits="0" branch="false" />
              </lines>
            </method>
            <method name="op_Implicit" signature="(System.Type)" line-rate="0" branch-rate="1" complexity="1">
              <lines>
                <line number="29" hits="0" branch="false" />
              </lines>
            </method>
            <method name="op_Implicit" signature="(System.Reflection.Assembly)" line-rate="0" branch-rate="1" complexity="1">
              <lines>
                <line number="36" hits="0" branch="false" />
              </lines>
            </method>
            <method name=".ctor" signature="(System.Reflection.Assembly)" line-rate="0" branch-rate="1" complexity="1">
              <lines>
                <line number="19" hits="0" branch="false" />
                <line number="20" hits="0" branch="false" />
                <line number="21" hits="0" branch="false" />
                <line number="22" hits="0" branch="false" />
              </lines>
            </method>
          </methods>
          <lines>
            <line number="17" hits="0" branch="false" />
            <line number="19" hits="0" branch="false" />
            <line number="20" hits="0" branch="false" />
            <line number="21" hits="0" branch="false" />
            <line number="22" hits="0" branch="false" />
            <line number="29" hits="0" branch="false" />
            <line number="36" hits="0" branch="false" />
          </lines>
        </class>
        <class name="Mediator.Internals.CommandHandlerWrapper`2" filename="/home/runner/work/tuisecretary/tuisecretary/src/Application/obj/Debug/net8.0/Mediator.SourceGenerator/Mediator.SourceGenerator.IncrementalMediatorGenerator/Mediator.g.cs" line-rate="0" branch-rate="0" complexity="8">
          <methods>
            <method name="Init" signature="(Mediator.Internals.ContainerMetadata,System.IServiceProvider)" line-rate="0" branch-rate="0" complexity="4">
              <lines>
                <line number="312" hits="0" branch="false" />
                <line number="313" hits="0" branch="false" />
                <line number="314" hits="0" branch="false" />
                <line number="315" hits="0" branch="false" />
                <line number="318" hits="0" branch="true" condition-coverage="0% (0/2)" />
                <line number="319" hits="0" branch="false" />
                <line number="320" hits="0" branch="false" />
                <line number="321" hits="0" branch="false" />
                <line number="322" hits="0" branch="false" />
                <line number="323" hits="0" branch="false" />
                <line number="324" hits="0" branch="false" />
                <line number="325" hits="0" branch="false" />
                <line number="326" hits="0" branch="false" />
                <line number="328" hits="0" branch="false" />
                <line number="329" hits="0" branch="false" />
                <line number="330" hits="0" branch="false" />
                <line number="331" hits="0" branch="false" />
                <line number="332" hits="0" branch="false" />
                <line number="333" hits="0" branch="false" />
                <line number="335" hits="0" branch="true" condition-coverage="0% (0/2)" />
                <line number="336" hits="0" branch="false" />
                <line number="337" hits="0" branch="false" />
                <line number="338" hits="0" branch="false" />
                <line number="339" hits="0" branch="false" />
                <line number="340" hits="0" branch="false" />
                <line number="341" hits="0" branch="false" />
                <line number="343" hits="0" branch="false" />
                <line number="344" hits="0" branch="false" />
                <line number="345" hits="0" branch="false" />
              </lines>
            </method>
            <method name="Handle" signature="(TRequest,System.Threading.CancellationToken)" line-rate="0" branch-rate="1" complexity="1">
              <lines>
                <line number="351" hits="0" branch="false" />
                <line number="352" hits="0" branch="false" />
                <line number="353" hits="0" branch="false" />
                <line number="354" hits="0" branch="false" />
              </lines>
            </method>
            <method name="Handle" signature="(Mediator.ICommand`1&lt;TResponse&gt;,System.Threading.CancellationToken)" line-rate="0" branch-rate="1" complexity="1">
              <lines>
                <line number="360" hits="0" branch="false" />
                <line number="361" hits="0" branch="false" />
                <line number="362" hits="0" branch="false" />
              </lines>
            </method>
            <method name=".ctor" signature="()" line-rate="0" branch-rate="1" complexity="1">
              <lines>
                <line number="306" hits="0" branch="false" />
              </lines>
            </method>
            <method name="Handle" signature="()" line-rate="0" branch-rate="1" complexity="1">
              <lines>
                <line number="368" hits="0" branch="false" />
                <line number="369" hits="0" branch="false" />
                <line number="370" hits="0" branch="false" />
              </lines>
            </method>
          </methods>
          <lines>
            <line number="306" hits="0" branch="false" />
            <line number="312" hits="0" branch="false" />
            <line number="313" hits="0" branch="false" />
            <line number="314" hits="0" branch="false" />
            <line number="315" hits="0" branch="false" />
            <line number="318" hits="0" branch="true" condition-coverage="0% (0/2)" />
            <line number="319" hits="0" branch="false" />
            <line number="320" hits="0" branch="false" />
            <line number="321" hits="0" branch="false" />
            <line number="322" hits="0" branch="false" />
            <line number="323" hits="0" branch="false" />
            <line number="324" hits="0" branch="false" />
            <line number="325" hits="0" branch="false" />
            <line number="326" hits="0" branch="false" />
            <line number="328" hits="0" branch="false" />
            <line number="329" hits="0" branch="false" />
            <line number="330" hits="0" branch="false" />
            <line number="331" hits="0" branch="false" />
            <line number="332" hits="0" branch="false" />
            <line number="333" hits="0" branch="false" />
            <line number="335" hits="0" branch="true" condition-coverage="0% (0/2)" />
            <line number="336" hits="0" branch="false" />
            <line number="337" hits="0" branch="false" />
            <line number="338" hits="0" branch="false" />
            <line number="339" hits="0" branch="false" />
            <line number="340" hits="0" branch="false" />
            <line number="341" hits="0" branch="false" />
            <line number="343" hits="0" branch="false" />
            <line number="344" hits="0" branch="false" />
            <line number="345" hits="0" branch="false" />
            <line number="351" hits="0" branch="false" />
            <line number="352" hits="0" branch="false" />
            <line number="353" hits="0" branch="false" />
            <line number="354" hits="0" branch="false" />
            <line number="360" hits="0" branch="false" />
            <line number="361" hits="0" branch="false" />
            <line number="362" hits="0" branch="false" />
            <line number="368" hits="0" branch="false" />
            <line number="369" hits="0" branch="false" />
            <line number="370" hits="0" branch="false" />
          </lines>
        </class>
        <class name="Mediator.Internals.ContainerMetadata" filename="/home/runner/work/tuisecretary/tuisecretary/src/Application/obj/Debug/net8.0/Mediator.SourceGenerator/Mediator.SourceGenerator.IncrementalMediatorGenerator/Mediator.g.cs" line-rate="0" branch-rate="1" complexity="1">
          <methods>
            <method name=".ctor" signature="(System.IServiceProvider)" line-rate="0" branch-rate="1" complexity="1">
              <lines>
                <line number="713" hits="0" branch="false" />
                <line number="714" hits="0" branch="false" />
                <line number="715" hits="0" branch="false" />
                <line number="717" hits="0" branch="false" />
                <line number="719" hits="0" branch="false" />
                <line number="720" hits="0" branch="false" />
                <line number="721" hits="0" branch="false" />
                <line number="722" hits="0" branch="false" />
                <line number="723" hits="0" branch="false" />
                <line number="724" hits="0" branch="false" />
                <line number="725" hits="0" branch="false" />
                <line number="726" hits="0" branch="false" />
                <line number="727" hits="0" branch="false" />
                <line number="728" hits="0" branch="false" />
                <line number="729" hits="0" branch="false" />
                <line number="730" hits="0" branch="false" />
                <line number="731" hits="0" branch="false" />
                <line number="732" hits="0" branch="false" />
                <line number="733" hits="0" branch="false" />
                <line number="734" hits="0" branch="false" />
                <line number="736" hits="0" branch="false" />
                <line number="737" hits="0" branch="false" />
                <line number="738" hits="0" branch="false" />
                <line number="739" hits="0" branch="false" />
                <line number="740" hits="0" branch="false" />
                <line number="741" hits="0" branch="false" />
                <line number="743" hits="0" branch="false" />
                <line number="744" hits="0" branch="false" />
                <line number="746" hits="0" branch="false" />
                <line number="747" hits="0" branch="false" />
                <line number="748" hits="0" branch="false" />
                <line number="749" hits="0" branch="false" />
                <line number="750" hits="0" branch="false" />
                <line number="751" hits="0" branch="false" />
                <line number="753" hits="0" branch="false" />
                <line number="754" hits="0" branch="false" />
                <line number="755" hits="0" branch="false" />
                <line number="756" hits="0" branch="false" />
                <line number="757" hits="0" branch="false" />
              </lines>
            </method>
          </methods>
          <lines>
            <line number="713" hits="0" branch="false" />
            <line number="714" hits="0" branch="false" />
            <line number="715" hits="0" branch="false" />
            <line number="717" hits="0" branch="false" />
            <line number="719" hits="0" branch="false" />
            <line number="720" hits="0" branch="false" />
            <line number="721" hits="0" branch="false" />
            <line number="722" hits="0" branch="false" />
            <line number="723" hits="0" branch="false" />
            <line number="724" hits="0" branch="false" />
            <line number="725" hits="0" branch="false" />
            <line number="726" hits="0" branch="false" />
            <line number="727" hits="0" branch="false" />
            <line number="728" hits="0" branch="false" />
            <line number="729" hits="0" branch="false" />
            <line number="730" hits="0" branch="false" />
            <line number="731" hits="0" branch="false" />
            <line number="732" hits="0" branch="false" />
            <line number="733" hits="0" branch="false" />
            <line number="734" hits="0" branch="false" />
            <line number="736" hits="0" branch="false" />
            <line number="737" hits="0" branch="false" />
            <line number="738" hits="0" branch="false" />
            <line number="739" hits="0" branch="false" />
            <line number="740" hits="0" branch="false" />
            <line number="741" hits="0" branch="false" />
            <line number="743" hits="0" branch="false" />
            <line number="744" hits="0" branch="false" />
            <line number="746" hits="0" branch="false" />
            <line number="747" hits="0" branch="false" />
            <line number="748" hits="0" branch="false" />
            <line number="749" hits="0" branch="false" />
            <line number="750" hits="0" branch="false" />
            <line number="751" hits="0" branch="false" />
            <line number="753" hits="0" branch="false" />
            <line number="754" hits="0" branch="false" />
            <line number="755" hits="0" branch="false" />
            <line number="756" hits="0" branch="false" />
            <line number="757" hits="0" branch="false" />
          </lines>
        </class>
        <class name="Mediator.Internals.NotificationHandlerWrapper`1" filename="/home/runner/work/tuisecretary/tuisecretary/src/Application/obj/Debug/net8.0/Mediator.SourceGenerator/Mediator.SourceGenerator.IncrementalMediatorGenerator/Mediator.g.cs" line-rate="0" branch-rate="0" complexity="10">
          <methods>
            <method name="Init" signature="(Mediator.Internals.ContainerMetadata,System.IServiceProvider)" line-rate="0" branch-rate="0" complexity="6">
              <lines>
                <line number="628" hits="0" branch="false" />
                <line number="629" hits="0" branch="false" />
                <line number="630" hits="0" branch="false" />
                <line number="631" hits="0" branch="true" condition-coverage="0% (0/2)" />
                <line number="632" hits="0" branch="false" />
                <line number="633" hits="0" branch="true" condition-coverage="0% (0/2)" />
                <line number="634" hits="0" branch="false" />
                <line number="635" hits="0" branch="false" />
                <line number="636" hits="0" branch="false" />
                <line number="637" hits="0" branch="false" />
                <line number="638" hits="0" branch="false" />
                <line number="639" hits="0" branch="false" />
                <line number="640" hits="0" branch="false" />
                <line number="642" hits="0" branch="false" />
                <line number="643" hits="0" branch="true" condition-coverage="0% (0/2)" />
                <line number="644" hits="0" branch="false" />
                <line number="645" hits="0" branch="false" />
                <line number="646" hits="0" branch="false" />
                <line number="647" hits="0" branch="false" />
                <line number="648" hits="0" branch="false" />
                <line number="649" hits="0" branch="false" />
                <line number="650" hits="0" branch="false" />
              </lines>
            </method>
            <method name="Handle" signature="(TNotification,System.Threading.CancellationToken)" line-rate="0" branch-rate="0" complexity="2">
              <lines>
                <line number="656" hits="0" branch="false" />
                <line number="657" hits="0" branch="false" />
                <line number="658" hits="0" branch="true" condition-coverage="0% (0/2)" />
                <line number="659" hits="0" branch="false" />
                <line number="660" hits="0" branch="false" />
                <line number="662" hits="0" branch="false" />
                <line number="663" hits="0" branch="false" />
                <line number="664" hits="0" branch="false" />
                <line number="665" hits="0" branch="false" />
                <line number="666" hits="0" branch="false" />
                <line number="667" hits="0" branch="false" />
              </lines>
            </method>
            <method name="Handle" signature="(System.Object,System.Threading.CancellationToken)" line-rate="0" branch-rate="1" complexity="1">
              <lines>
                <line number="673" hits="0" branch="false" />
                <line number="674" hits="0" branch="false" />
                <line number="675" hits="0" branch="false" />
              </lines>
            </method>
            <method name=".ctor" signature="()" line-rate="0" branch-rate="1" complexity="1">
              <lines>
                <line number="621" hits="0" branch="false" />
                <line number="622" hits="0" branch="false" />
              </lines>
            </method>
          </methods>
          <lines>
            <line number="621" hits="0" branch="false" />
            <line number="622" hits="0" branch="false" />
            <line number="628" hits="0" branch="false" />
            <line number="629" hits="0" branch="false" />
            <line number="630" hits="0" branch="false" />
            <line number="631" hits="0" branch="true" condition-coverage="0% (0/2)" />
            <line number="632" hits="0" branch="false" />
            <line number="633" hits="0" branch="true" condition-coverage="0% (0/2)" />
            <line number="634" hits="0" branch="false" />
            <line number="635" hits="0" branch="false" />
            <line number="636" hits="0" branch="false" />
            <line number="637" hits="0" branch="false" />
            <line number="638" hits="0" branch="false" />
            <line number="639" hits="0" branch="false" />
            <line number="640" hits="0" branch="false" />
            <line number="642" hits="0" branch="false" />
            <line number="643" hits="0" branch="true" condition-coverage="0% (0/2)" />
            <line number="644" hits="0" branch="false" />
            <line number="645" hits="0" branch="false" />
            <line number="646" hits="0" branch="false" />
            <line number="647" hits="0" branch="false" />
            <line number="648" hits="0" branch="false" />
            <line number="649" hits="0" branch="false" />
            <line number="650" hits="0" branch="false" />
            <line number="656" hits="0" branch="false" />
            <line number="657" hits="0" branch="false" />
            <line number="658" hits="0" branch="true" condition-coverage="0% (0/2)" />
            <line number="659" hits="0" branch="false" />
            <line number="660" hits="0" branch="false" />
            <line number="662" hits="0" branch="false" />
            <line number="663" hits="0" branch="false" />
            <line number="664" hits="0" branch="false" />
            <line number="665" hits="0" branch="false" />
            <line number="666" hits="0" branch="false" />
            <line number="667" hits="0" branch="false" />
            <line number="673" hits="0" branch="false" />
            <line number="674" hits="0" branch="false" />
            <line number="675" hits="0" branch="false" />
          </lines>
        </class>
        <class name="Mediator.Internals.QueryHandlerWrapper`2" filename="/home/runner/work/tuisecretary/tuisecretary/src/Application/obj/Debug/net8.0/Mediator.SourceGenerator/Mediator.SourceGenerator.IncrementalMediatorGenerator/Mediator.g.cs" line-rate="0" branch-rate="0" complexity="8">
          <methods>
            <method name="Init" signature="(Mediator.Internals.ContainerMetadata,System.IServiceProvider)" line-rate="0" branch-rate="0" complexity="4">
              <lines>
                <line number="473" hits="0" branch="false" />
                <line number="474" hits="0" branch="false" />
                <line number="475" hits="0" branch="false" />
                <line number="476" hits="0" branch="false" />
                <line number="479" hits="0" branch="true" condition-coverage="0% (0/2)" />
                <line number="480" hits="0" branch="false" />
                <line number="481" hits="0" branch="false" />
                <line number="482" hits="0" branch="false" />
                <line number="483" hits="0" branch="false" />
                <line number="484" hits="0" branch="false" />
                <line number="485" hits="0" branch="false" />
                <line number="486" hits="0" branch="false" />
                <line number="487" hits="0" branch="false" />
                <line number="489" hits="0" branch="false" />
                <line number="490" hits="0" branch="false" />
                <line number="491" hits="0" branch="false" />
                <line number="492" hits="0" branch="false" />
                <line number="493" hits="0" branch="false" />
                <line number="494" hits="0" branch="false" />
                <line number="496" hits="0" branch="true" condition-coverage="0% (0/2)" />
                <line number="497" hits="0" branch="false" />
                <line number="498" hits="0" branch="false" />
                <line number="499" hits="0" branch="false" />
                <line number="500" hits="0" branch="false" />
                <line number="501" hits="0" branch="false" />
                <line number="502" hits="0" branch="false" />
                <line number="504" hits="0" branch="false" />
                <line number="505" hits="0" branch="false" />
                <line number="506" hits="0" branch="false" />
              </lines>
            </method>
            <method name="Handle" signature="(TRequest,System.Threading.CancellationToken)" line-rate="0" branch-rate="1" complexity="1">
              <lines>
                <line number="512" hits="0" branch="false" />
                <line number="513" hits="0" branch="false" />
                <line number="514" hits="0" branch="false" />
                <line number="515" hits="0" branch="false" />
              </lines>
            </method>
            <method name="Handle" signature="(Mediator.IQuery`1&lt;TResponse&gt;,System.Threading.CancellationToken)" line-rate="0" branch-rate="1" complexity="1">
              <lines>
                <line number="521" hits="0" branch="false" />
                <line number="522" hits="0" branch="false" />
                <line number="523" hits="0" branch="false" />
              </lines>
            </method>
            <method name=".ctor" signature="()" line-rate="0" branch-rate="1" complexity="1">
              <lines>
                <line number="467" hits="0" branch="false" />
              </lines>
            </method>
            <method name="Handle" signature="()" line-rate="0" branch-rate="1" complexity="1">
              <lines>
                <line number="529" hits="0" branch="false" />
                <line number="530" hits="0" branch="false" />
                <line number="531" hits="0" branch="false" />
              </lines>
            </method>
          </methods>
          <lines>
            <line number="467" hits="0" branch="false" />
            <line number="473" hits="0" branch="false" />
            <line number="474" hits="0" branch="false" />
            <line number="475" hits="0" branch="false" />
            <line number="476" hits="0" branch="false" />
            <line number="479" hits="0" branch="true" condition-coverage="0% (0/2)" />
            <line number="480" hits="0" branch="false" />
            <line number="481" hits="0" branch="false" />
            <line number="482" hits="0" branch="false" />
            <line number="483" hits="0" branch="false" />
            <line number="484" hits="0" branch="false" />
            <line number="485" hits="0" branch="false" />
            <line number="486" hits="0" branch="false" />
            <line number="487" hits="0" branch="false" />
            <line number="489" hits="0" branch="false" />
            <line number="490" hits="0" branch="false" />
            <line number="491" hits="0" branch="false" />
            <line number="492" hits="0" branch="false" />
            <line number="493" hits="0" branch="false" />
            <line number="494" hits="0" branch="false" />
            <line number="496" hits="0" branch="true" condition-coverage="0% (0/2)" />
            <line number="497" hits="0" branch="false" />
            <line number="498" hits="0" branch="false" />
            <line number="499" hits="0" branch="false" />
            <line number="500" hits="0" branch="false" />
            <line number="501" hits="0" branch="false" />
            <line number="502" hits="0" branch="false" />
            <line number="504" hits="0" branch="false" />
            <line number="505" hits="0" branch="false" />
            <line number="506" hits="0" branch="false" />
            <line number="512" hits="0" branch="false" />
            <line number="513" hits="0" branch="false" />
            <line number="514" hits="0" branch="false" />
            <line number="515" hits="0" branch="false" />
            <line number="521" hits="0" branch="false" />
            <line number="522" hits="0" branch="false" />
            <line number="523" hits="0" branch="false" />
            <line number="529" hits="0" branch="false" />
            <line number="530" hits="0" branch="false" />
            <line number="531" hits="0" branch="false" />
          </lines>
        </class>
        <class name="Mediator.Internals.RequestHandlerWrapper`2" filename="/home/runner/work/tuisecretary/tuisecretary/src/Application/obj/Debug/net8.0/Mediator.SourceGenerator/Mediator.SourceGenerator.IncrementalMediatorGenerator/Mediator.g.cs" line-rate="0" branch-rate="0" complexity="8">
          <methods>
            <method name="Init" signature="(Mediator.Internals.ContainerMetadata,System.IServiceProvider)" line-rate="0" branch-rate="0" complexity="4">
              <lines>
                <line number="151" hits="0" branch="false" />
                <line number="152" hits="0" branch="false" />
                <line number="153" hits="0" branch="false" />
                <line number="154" hits="0" branch="false" />
                <line number="157" hits="0" branch="true" condition-coverage="0% (0/2)" />
                <line number="158" hits="0" branch="false" />
                <line number="159" hits="0" branch="false" />
                <line number="160" hits="0" branch="false" />
                <line number="161" hits="0" branch="false" />
                <line number="162" hits="0" branch="false" />
                <line number="163" hits="0" branch="false" />
                <line number="164" hits="0" branch="false" />
                <line number="165" hits="0" branch="false" />
                <line number="167" hits="0" branch="false" />
                <line number="168" hits="0" branch="false" />
                <line number="169" hits="0" branch="false" />
                <line number="170" hits="0" branch="false" />
                <line number="171" hits="0" branch="false" />
                <line number="172" hits="0" branch="false" />
                <line number="174" hits="0" branch="true" condition-coverage="0% (0/2)" />
                <line number="175" hits="0" branch="false" />
                <line number="176" hits="0" branch="false" />
                <line number="177" hits="0" branch="false" />
                <line number="178" hits="0" branch="false" />
                <line number="179" hits="0" branch="false" />
                <line number="180" hits="0" branch="false" />
                <line number="182" hits="0" branch="false" />
                <line number="183" hits="0" branch="false" />
                <line number="184" hits="0" branch="false" />
              </lines>
            </method>
            <method name="Handle" signature="(TRequest,System.Threading.CancellationToken)" line-rate="0" branch-rate="1" complexity="1">
              <lines>
                <line number="190" hits="0" branch="false" />
                <line number="191" hits="0" branch="false" />
                <line number="192" hits="0" branch="false" />
                <line number="193" hits="0" branch="false" />
              </lines>
            </method>
            <method name="Handle" signature="(Mediator.IRequest`1&lt;TResponse&gt;,System.Threading.CancellationToken)" line-rate="0" branch-rate="1" complexity="1">
              <lines>
                <line number="199" hits="0" branch="false" />
                <line number="200" hits="0" branch="false" />
                <line number="201" hits="0" branch="false" />
              </lines>
            </method>
            <method name=".ctor" signature="()" line-rate="0" branch-rate="1" complexity="1">
              <lines>
                <line number="145" hits="0" branch="false" />
              </lines>
            </method>
            <method name="Handle" signature="()" line-rate="0" branch-rate="1" complexity="1">
              <lines>
                <line number="207" hits="0" branch="false" />
                <line number="208" hits="0" branch="false" />
                <line number="209" hits="0" branch="false" />
              </lines>
            </method>
          </methods>
          <lines>
            <line number="145" hits="0" branch="false" />
            <line number="151" hits="0" branch="false" />
            <line number="152" hits="0" branch="false" />
            <line number="153" hits="0" branch="false" />
            <line number="154" hits="0" branch="false" />
            <line number="157" hits="0" branch="true" condition-coverage="0% (0/2)" />
            <line number="158" hits="0" branch="false" />
            <line number="159" hits="0" branch="false" />
            <line number="160" hits="0" branch="false" />
            <line number="161" hits="0" branch="false" />
            <line number="162" hits="0" branch="false" />
            <line number="163" hits="0" branch="false" />
            <line number="164" hits="0" branch="false" />
            <line number="165" hits="0" branch="false" />
            <line number="167" hits="0" branch="false" />
            <line number="168" hits="0" branch="false" />
            <line number="169" hits="0" branch="false" />
            <line number="170" hits="0" branch="false" />
            <line number="171" hits="0" branch="false" />
            <line number="172" hits="0" branch="false" />
            <line number="174" hits="0" branch="true" condition-coverage="0% (0/2)" />
            <line number="175" hits="0" branch="false" />
            <line number="176" hits="0" branch="false" />
            <line number="177" hits="0" branch="false" />
            <line number="178" hits="0" branch="false" />
            <line number="179" hits="0" branch="false" />
            <line number="180" hits="0" branch="false" />
            <line number="182" hits="0" branch="false" />
            <line number="183" hits="0" branch="false" />
            <line number="184" hits="0" branch="false" />
            <line number="190" hits="0" branch="false" />
            <line number="191" hits="0" branch="false" />
            <line number="192" hits="0" branch="false" />
            <line number="193" hits="0" branch="false" />
            <line number="199" hits="0" branch="false" />
            <line number="200" hits="0" branch="false" />
            <line number="201" hits="0" branch="false" />
            <line number="207" hits="0" branch="false" />
            <line number="208" hits="0" branch="false" />
            <line number="209" hits="0" branch="false" />
          </lines>
        </class>
        <class name="Mediator.Internals.StreamCommandHandlerWrapper`2" filename="/home/runner/work/tuisecretary/tuisecretary/src/Application/obj/Debug/net8.0/Mediator.SourceGenerator/Mediator.SourceGenerator.IncrementalMediatorGenerator/Mediator.g.cs" line-rate="0" branch-rate="0" complexity="13">
          <methods>
            <method name="Init" signature="(Mediator.Internals.ContainerMetadata,System.IServiceProvider)" line-rate="0" branch-rate="0" complexity="4">
              <lines>
                <line number="392" hits="0" branch="false" />
                <line number="393" hits="0" branch="false" />
                <line number="394" hits="0" branch="false" />
                <line number="395" hits="0" branch="false" />
                <line number="398" hits="0" branch="true" condition-coverage="0% (0/2)" />
                <line number="399" hits="0" branch="false" />
                <line number="400" hits="0" branch="false" />
                <line number="401" hits="0" branch="false" />
                <line number="402" hits="0" branch="false" />
                <line number="403" hits="0" branch="false" />
                <line number="404" hits="0" branch="false" />
                <line number="405" hits="0" branch="false" />
                <line number="406" hits="0" branch="false" />
                <line number="408" hits="0" branch="false" />
                <line number="409" hits="0" branch="false" />
                <line number="410" hits="0" branch="false" />
                <line number="411" hits="0" branch="false" />
                <line number="412" hits="0" branch="false" />
                <line number="413" hits="0" branch="false" />
                <line number="415" hits="0" branch="true" condition-coverage="0% (0/2)" />
                <line number="416" hits="0" branch="false" />
                <line number="417" hits="0" branch="false" />
                <line number="418" hits="0" branch="false" />
                <line number="419" hits="0" branch="false" />
                <line number="420" hits="0" branch="false" />
                <line number="421" hits="0" branch="false" />
                <line number="423" hits="0" branch="false" />
                <line number="424" hits="0" branch="false" />
                <line number="425" hits="0" branch="false" />
              </lines>
            </method>
            <method name="Handle" signature="(TRequest,System.Threading.CancellationToken)" line-rate="0" branch-rate="1" complexity="1">
              <lines>
                <line number="431" hits="0" branch="false" />
                <line number="432" hits="0" branch="false" />
                <line number="433" hits="0" branch="false" />
                <line number="434" hits="0" branch="false" />
              </lines>
            </method>
            <method name="Handle" signature="(Mediator.IStreamCommand`1&lt;TResponse&gt;,System.Threading.CancellationToken)" line-rate="0" branch-rate="1" complexity="1">
              <lines>
                <line number="440" hits="0" branch="false" />
                <line number="441" hits="0" branch="false" />
                <line number="442" hits="0" branch="false" />
              </lines>
            </method>
            <method name=".ctor" signature="()" line-rate="0" branch-rate="1" complexity="1">
              <lines>
                <line number="386" hits="0" branch="false" />
              </lines>
            </method>
            <method name="Handle" signature="()" line-rate="0" branch-rate="0" complexity="6">
              <lines>
                <line number="448" hits="0" branch="false" />
                <line number="449" hits="0" branch="true" condition-coverage="0% (0/4)" />
                <line number="450" hits="0" branch="false" />
                <line number="451" hits="0" branch="true" condition-coverage="0% (0/2)" />
              </lines>
            </method>
          </methods>
          <lines>
            <line number="386" hits="0" branch="false" />
            <line number="392" hits="0" branch="false" />
            <line number="393" hits="0" branch="false" />
            <line number="394" hits="0" branch="false" />
            <line number="395" hits="0" branch="false" />
            <line number="398" hits="0" branch="true" condition-coverage="0% (0/2)" />
            <line number="399" hits="0" branch="false" />
            <line number="400" hits="0" branch="false" />
            <line number="401" hits="0" branch="false" />
            <line number="402" hits="0" branch="false" />
            <line number="403" hits="0" branch="false" />
            <line number="404" hits="0" branch="false" />
            <line number="405" hits="0" branch="false" />
            <line number="406" hits="0" branch="false" />
            <line number="408" hits="0" branch="false" />
            <line number="409" hits="0" branch="false" />
            <line number="410" hits="0" branch="false" />
            <line number="411" hits="0" branch="false" />
            <line number="412" hits="0" branch="false" />
            <line number="413" hits="0" branch="false" />
            <line number="415" hits="0" branch="true" condition-coverage="0% (0/2)" />
            <line number="416" hits="0" branch="false" />
            <line number="417" hits="0" branch="false" />
            <line number="418" hits="0" branch="false" />
            <line number="419" hits="0" branch="false" />
            <line number="420" hits="0" branch="false" />
            <line number="421" hits="0" branch="false" />
            <line number="423" hits="0" branch="false" />
            <line number="424" hits="0" branch="false" />
            <line number="425" hits="0" branch="false" />
            <line number="431" hits="0" branch="false" />
            <line number="432" hits="0" branch="false" />
            <line number="433" hits="0" branch="false" />
            <line number="434" hits="0" branch="false" />
            <line number="440" hits="0" branch="false" />
            <line number="441" hits="0" branch="false" />
            <line number="442" hits="0" branch="false" />
            <line number="448" hits="0" branch="false" />
            <line number="449" hits="0" branch="true" condition-coverage="0% (0/4)" />
            <line number="450" hits="0" branch="false" />
            <line number="451" hits="0" branch="true" condition-coverage="0% (0/2)" />
          </lines>
        </class>
        <class name="Mediator.Internals.StreamQueryHandlerWrapper`2" filename="/home/runner/work/tuisecretary/tuisecretary/src/Application/obj/Debug/net8.0/Mediator.SourceGenerator/Mediator.SourceGenerator.IncrementalMediatorGenerator/Mediator.g.cs" line-rate="0" branch-rate="0" complexity="13">
          <methods>
            <method name="Init" signature="(Mediator.Internals.ContainerMetadata,System.IServiceProvider)" line-rate="0" branch-rate="0" complexity="4">
              <lines>
                <line number="553" hits="0" branch="false" />
                <line number="554" hits="0" branch="false" />
                <line number="555" hits="0" branch="false" />
                <line number="556" hits="0" branch="false" />
                <line number="559" hits="0" branch="true" condition-coverage="0% (0/2)" />
                <line number="560" hits="0" branch="false" />
                <line number="561" hits="0" branch="false" />
                <line number="562" hits="0" branch="false" />
                <line number="563" hits="0" branch="false" />
                <line number="564" hits="0" branch="false" />
                <line number="565" hits="0" branch="false" />
                <line number="566" hits="0" branch="false" />
                <line number="567" hits="0" branch="false" />
                <line number="569" hits="0" branch="false" />
                <line number="570" hits="0" branch="false" />
                <line number="571" hits="0" branch="false" />
                <line number="572" hits="0" branch="false" />
                <line number="573" hits="0" branch="false" />
                <line number="574" hits="0" branch="false" />
                <line number="576" hits="0" branch="true" condition-coverage="0% (0/2)" />
                <line number="577" hits="0" branch="false" />
                <line number="578" hits="0" branch="false" />
                <line number="579" hits="0" branch="false" />
                <line number="580" hits="0" branch="false" />
                <line number="581" hits="0" branch="false" />
                <line number="582" hits="0" branch="false" />
                <line number="584" hits="0" branch="false" />
                <line number="585" hits="0" branch="false" />
                <line number="586" hits="0" branch="false" />
              </lines>
            </method>
            <method name="Handle" signature="(TRequest,System.Threading.CancellationToken)" line-rate="0" branch-rate="1" complexity="1">
              <lines>
                <line number="592" hits="0" branch="false" />
                <line number="593" hits="0" branch="false" />
                <line number="594" hits="0" branch="false" />
                <line number="595" hits="0" branch="false" />
              </lines>
            </method>
            <method name="Handle" signature="(Mediator.IStreamQuery`1&lt;TResponse&gt;,System.Threading.CancellationToken)" line-rate="0" branch-rate="1" complexity="1">
              <lines>
                <line number="601" hits="0" branch="false" />
                <line number="602" hits="0" branch="false" />
                <line number="603" hits="0" branch="false" />
              </lines>
            </method>
            <method name=".ctor" signature="()" line-rate="0" branch-rate="1" complexity="1">
              <lines>
                <line number="547" hits="0" branch="false" />
              </lines>
            </method>
            <method name="Handle" signature="()" line-rate="0" branch-rate="0" complexity="6">
              <lines>
                <line number="609" hits="0" branch="false" />
                <line number="610" hits="0" branch="true" condition-coverage="0% (0/4)" />
                <line number="611" hits="0" branch="false" />
                <line number="612" hits="0" branch="true" condition-coverage="0% (0/2)" />
              </lines>
            </method>
          </methods>
          <lines>
            <line number="547" hits="0" branch="false" />
            <line number="553" hits="0" branch="false" />
            <line number="554" hits="0" branch="false" />
            <line number="555" hits="0" branch="false" />
            <line number="556" hits="0" branch="false" />
            <line number="559" hits="0" branch="true" condition-coverage="0% (0/2)" />
            <line number="560" hits="0" branch="false" />
            <line number="561" hits="0" branch="false" />
            <line number="562" hits="0" branch="false" />
            <line number="563" hits="0" branch="false" />
            <line number="564" hits="0" branch="false" />
            <line number="565" hits="0" branch="false" />
            <line number="566" hits="0" branch="false" />
            <line number="567" hits="0" branch="false" />
            <line number="569" hits="0" branch="false" />
            <line number="570" hits="0" branch="false" />
            <line number="571" hits="0" branch="false" />
            <line number="572" hits="0" branch="false" />
            <line number="573" hits="0" branch="false" />
            <line number="574" hits="0" branch="false" />
            <line number="576" hits="0" branch="true" condition-coverage="0% (0/2)" />
            <line number="577" hits="0" branch="false" />
            <line number="578" hits="0" branch="false" />
            <line number="579" hits="0" branch="false" />
            <line number="580" hits="0" branch="false" />
            <line number="581" hits="0" branch="false" />
            <line number="582" hits="0" branch="false" />
            <line number="584" hits="0" branch="false" />
            <line number="585" hits="0" branch="false" />
            <line number="586" hits="0" branch="false" />
            <line number="592" hits="0" branch="false" />
            <line number="593" hits="0" branch="false" />
            <line number="594" hits="0" branch="false" />
            <line number="595" hits="0" branch="false" />
            <line number="601" hits="0" branch="false" />
            <line number="602" hits="0" branch="false" />
            <line number="603" hits="0" branch="false" />
            <line number="609" hits="0" branch="false" />
            <line number="610" hits="0" branch="true" condition-coverage="0% (0/4)" />
            <line number="611" hits="0" branch="false" />
            <line number="612" hits="0" branch="true" condition-coverage="0% (0/2)" />
          </lines>
        </class>
        <class name="Mediator.Internals.StreamRequestHandlerWrapper`2" filename="/home/runner/work/tuisecretary/tuisecretary/src/Application/obj/Debug/net8.0/Mediator.SourceGenerator/Mediator.SourceGenerator.IncrementalMediatorGenerator/Mediator.g.cs" line-rate="0" branch-rate="0" complexity="13">
          <methods>
            <method name="Init" signature="(Mediator.Internals.ContainerMetadata,System.IServiceProvider)" line-rate="0" branch-rate="0" complexity="4">
              <lines>
                <line number="231" hits="0" branch="false" />
                <line number="232" hits="0" branch="false" />
                <line number="233" hits="0" branch="false" />
                <line number="234" hits="0" branch="false" />
                <line number="237" hits="0" branch="true" condition-coverage="0% (0/2)" />
                <line number="238" hits="0" branch="false" />
                <line number="239" hits="0" branch="false" />
                <line number="240" hits="0" branch="false" />
                <line number="241" hits="0" branch="false" />
                <line number="242" hits="0" branch="false" />
                <line number="243" hits="0" branch="false" />
                <line number="244" hits="0" branch="false" />
                <line number="245" hits="0" branch="false" />
                <line number="247" hits="0" branch="false" />
                <line number="248" hits="0" branch="false" />
                <line number="249" hits="0" branch="false" />
                <line number="250" hits="0" branch="false" />
                <line number="251" hits="0" branch="false" />
                <line number="252" hits="0" branch="false" />
                <line number="254" hits="0" branch="true" condition-coverage="0% (0/2)" />
                <line number="255" hits="0" branch="false" />
                <line number="256" hits="0" branch="false" />
                <line number="257" hits="0" branch="false" />
                <line number="258" hits="0" branch="false" />
                <line number="259" hits="0" branch="false" />
                <line number="260" hits="0" branch="false" />
                <line number="262" hits="0" branch="false" />
                <line number="263" hits="0" branch="false" />
                <line number="264" hits="0" branch="false" />
              </lines>
            </method>
            <method name="Handle" signature="(TRequest,System.Threading.CancellationToken)" line-rate="0" branch-rate="1" complexity="1">
              <lines>
                <line number="270" hits="0" branch="false" />
                <line number="271" hits="0" branch="false" />
                <line number="272" hits="0" branch="false" />
                <line number="273" hits="0" branch="false" />
              </lines>
            </method>
            <method name="Handle" signature="(Mediator.IStreamRequest`1&lt;TResponse&gt;,System.Threading.CancellationToken)" line-rate="0" branch-rate="1" complexity="1">
              <lines>
                <line number="279" hits="0" branch="false" />
                <line number="280" hits="0" branch="false" />
                <line number="281" hits="0" branch="false" />
              </lines>
            </method>
            <method name=".ctor" signature="()" line-rate="0" branch-rate="1" complexity="1">
              <lines>
                <line number="225" hits="0" branch="false" />
              </lines>
            </method>
            <method name="Handle" signature="()" line-rate="0" branch-rate="0" complexity="6">
              <lines>
                <line number="287" hits="0" branch="false" />
                <line number="288" hits="0" branch="true" condition-coverage="0% (0/4)" />
                <line number="289" hits="0" branch="false" />
                <line number="290" hits="0" branch="true" condition-coverage="0% (0/2)" />
              </lines>
            </method>
          </methods>
          <lines>
            <line number="225" hits="0" branch="false" />
            <line number="231" hits="0" branch="false" />
            <line number="232" hits="0" branch="false" />
            <line number="233" hits="0" branch="false" />
            <line number="234" hits="0" branch="false" />
            <line number="237" hits="0" branch="true" condition-coverage="0% (0/2)" />
            <line number="238" hits="0" branch="false" />
            <line number="239" hits="0" branch="false" />
            <line number="240" hits="0" branch="false" />
            <line number="241" hits="0" branch="false" />
            <line number="242" hits="0" branch="false" />
            <line number="243" hits="0" branch="false" />
            <line number="244" hits="0" branch="false" />
            <line number="245" hits="0" branch="false" />
            <line number="247" hits="0" branch="false" />
            <line number="248" hits="0" branch="false" />
            <line number="249" hits="0" branch="false" />
            <line number="250" hits="0" branch="false" />
            <line number="251" hits="0" branch="false" />
            <line number="252" hits="0" branch="false" />
            <line number="254" hits="0" branch="true" condition-coverage="0% (0/2)" />
            <line number="255" hits="0" branch="false" />
            <line number="256" hits="0" branch="false" />
            <line number="257" hits="0" branch="false" />
            <line number="258" hits="0" branch="false" />
            <line number="259" hits="0" branch="false" />
            <line number="260" hits="0" branch="false" />
            <line number="262" hits="0" branch="false" />
            <line number="263" hits="0" branch="false" />
            <line number="264" hits="0" branch="false" />
            <line number="270" hits="0" branch="false" />
            <line number="271" hits="0" branch="false" />
            <line number="272" hits="0" branch="false" />
            <line number="273" hits="0" branch="false" />
            <line number="279" hits="0" branch="false" />
            <line number="280" hits="0" branch="false" />
            <line number="281" hits="0" branch="false" />
            <line number="287" hits="0" branch="false" />
            <line number="288" hits="0" branch="true" condition-coverage="0% (0/4)" />
            <line number="289" hits="0" branch="false" />
            <line number="290" hits="0" branch="true" condition-coverage="0% (0/2)" />
          </lines>
        </class>
        <class name="Mediator.Mediator" filename="/home/runner/work/tuisecretary/tuisecretary/src/Application/obj/Debug/net8.0/Mediator.SourceGenerator/Mediator.SourceGenerator.IncrementalMediatorGenerator/Mediator.g.cs" line-rate="0" branch-rate="0" complexity="164">
          <methods>
            <method name="get_NotificationPublisher" signature="()" line-rate="0" branch-rate="0" complexity="2">
              <lines>
                <line number="780" hits="0" branch="false" />
                <line number="781" hits="0" branch="true" condition-coverage="0% (0/2)" />
                <line number="782" hits="0" branch="false" />
                <line number="783" hits="0" branch="false" />
                <line number="784" hits="0" branch="false" />
              </lines>
            </method>
            <method name="get_ServicesUnderlyingTypeIsArray" signature="()" line-rate="0" branch-rate="0" complexity="2">
              <lines>
                <line number="791" hits="0" branch="false" />
                <line number="792" hits="0" branch="true" condition-coverage="0% (0/2)" />
                <line number="793" hits="0" branch="false" />
                <line number="794" hits="0" branch="false" />
                <line number="795" hits="0" branch="false" />
              </lines>
            </method>
            <method name="Send" signature="(TuiSecretary.Application.Commands.Notes.CreateNoteCommand,System.Threading.CancellationToken)" line-rate="0" branch-rate="1" complexity="1">
              <lines>
                <line number="897" hits="0" branch="false" />
                <line number="898" hits="0" branch="false" />
                <line number="899" hits="0" branch="false" />
                <line number="900" hits="0" branch="false" />
              </lines>
            </method>
            <method name="Send" signature="(TuiSecretary.Application.Commands.Notes.DeleteNoteCommand,System.Threading.CancellationToken)" line-rate="0" branch-rate="1" complexity="1">
              <lines>
                <line number="913" hits="0" branch="false" />
                <line number="914" hits="0" branch="false" />
                <line number="915" hits="0" branch="false" />
                <line number="916" hits="0" branch="false" />
              </lines>
            </method>
            <method name="Send" signature="(TuiSecretary.Application.Commands.Notes.UpdateNoteCommand,System.Threading.CancellationToken)" line-rate="0" branch-rate="1" complexity="1">
              <lines>
                <line number="929" hits="0" branch="false" />
                <line number="930" hits="0" branch="false" />
                <line number="931" hits="0" branch="false" />
                <line number="932" hits="0" branch="false" />
              </lines>
            </method>
            <method name="Send" signature="(TuiSecretary.Application.Commands.Tasks.CreateTaskCommand,System.Threading.CancellationToken)" line-rate="0" branch-rate="1" complexity="1">
              <lines>
                <line number="945" hits="0" branch="false" />
                <line number="946" hits="0" branch="false" />
                <line number="947" hits="0" branch="false" />
                <line number="948" hits="0" branch="false" />
              </lines>
            </method>
            <method name="Send" signature="(TuiSecretary.Application.Commands.Tasks.DeleteTaskCommand,System.Threading.CancellationToken)" line-rate="0" branch-rate="1" complexity="1">
              <lines>
                <line number="961" hits="0" branch="false" />
                <line number="962" hits="0" branch="false" />
                <line number="963" hits="0" branch="false" />
                <line number="964" hits="0" branch="false" />
              </lines>
            </method>
            <method name="Send" signature="(TuiSecretary.Application.Commands.Tasks.UpdateTaskCommand,System.Threading.CancellationToken)" line-rate="0" branch-rate="1" complexity="1">
              <lines>
                <line number="977" hits="0" branch="false" />
                <line number="978" hits="0" branch="false" />
                <line number="979" hits="0" branch="false" />
                <line number="980" hits="0" branch="false" />
              </lines>
            </method>
            <method name="Send" signature="(TuiSecretary.Application.Queries.Notes.GetAllNotesQuery,System.Threading.CancellationToken)" line-rate="0" branch-rate="1" complexity="1">
              <lines>
                <line number="993" hits="0" branch="false" />
                <line number="994" hits="0" branch="false" />
                <line number="995" hits="0" branch="false" />
                <line number="996" hits="0" branch="false" />
              </lines>
            </method>
            <method name="Send" signature="(TuiSecretary.Application.Queries.Notes.GetNoteByIdQuery,System.Threading.CancellationToken)" line-rate="0" branch-rate="1" complexity="1">
              <lines>
                <line number="1009" hits="0" branch="false" />
                <line number="1010" hits="0" branch="false" />
                <line number="1011" hits="0" branch="false" />
                <line number="1012" hits="0" branch="false" />
              </lines>
            </method>
            <method name="Send" signature="(TuiSecretary.Application.Queries.Tasks.GetAllTasksQuery,System.Threading.CancellationToken)" line-rate="0" branch-rate="1" complexity="1">
              <lines>
                <line number="1025" hits="0" branch="false" />
                <line number="1026" hits="0" branch="false" />
                <line number="1027" hits="0" branch="false" />
                <line number="1028" hits="0" branch="false" />
              </lines>
            </method>
            <method name="Send" signature="(TuiSecretary.Application.Queries.Tasks.GetTaskByIdQuery,System.Threading.CancellationToken)" line-rate="0" branch-rate="1" complexity="1">
              <lines>
                <line number="1041" hits="0" branch="false" />
                <line number="1042" hits="0" branch="false" />
                <line number="1043" hits="0" branch="false" />
                <line number="1044" hits="0" branch="false" />
              </lines>
            </method>
            <method name="Send" signature="(Mediator.IRequest`1&lt;TResponse&gt;,System.Threading.CancellationToken)" line-rate="0" branch-rate="1" complexity="1">
              <lines>
                <line number="1059" hits="0" branch="false" />
                <line number="1060" hits="0" branch="false" />
                <line number="1061" hits="0" branch="false" />
                <line number="1062" hits="0" branch="false" />
              </lines>
            </method>
            <method name="CreateStream" signature="(Mediator.IStreamRequest`1&lt;TResponse&gt;,System.Threading.CancellationToken)" line-rate="0" branch-rate="1" complexity="1">
              <lines>
                <line number="1086" hits="0" branch="false" />
                <line number="1087" hits="0" branch="false" />
                <line number="1088" hits="0" branch="false" />
                <line number="1089" hits="0" branch="false" />
              </lines>
            </method>
            <method name="Send" signature="(Mediator.ICommand`1&lt;TResponse&gt;,System.Threading.CancellationToken)" line-rate="0" branch-rate="0" complexity="24">
              <lines>
                <line number="1104" hits="0" branch="false" />
                <line number="1105" hits="0" branch="true" condition-coverage="0% (0/12)" />
                <line number="1108" hits="0" branch="false" />
                <line number="1109" hits="0" branch="true" condition-coverage="0% (0/2)" />
                <line number="1110" hits="0" branch="false" />
                <line number="1111" hits="0" branch="false" />
                <line number="1112" hits="0" branch="false" />
                <line number="1114" hits="0" branch="false" />
                <line number="1117" hits="0" branch="false" />
                <line number="1118" hits="0" branch="true" condition-coverage="0% (0/2)" />
                <line number="1119" hits="0" branch="false" />
                <line number="1120" hits="0" branch="false" />
                <line number="1121" hits="0" branch="false" />
                <line number="1123" hits="0" branch="false" />
                <line number="1126" hits="0" branch="false" />
                <line number="1127" hits="0" branch="true" condition-coverage="0% (0/2)" />
                <line number="1128" hits="0" branch="false" />
                <line number="1129" hits="0" branch="false" />
                <line number="1130" hits="0" branch="false" />
                <line number="1132" hits="0" branch="false" />
                <line number="1135" hits="0" branch="false" />
                <line number="1136" hits="0" branch="true" condition-coverage="0% (0/2)" />
                <line number="1137" hits="0" branch="false" />
                <line number="1138" hits="0" branch="false" />
                <line number="1139" hits="0" branch="false" />
                <line number="1141" hits="0" branch="false" />
                <line number="1144" hits="0" branch="false" />
                <line number="1145" hits="0" branch="true" condition-coverage="0% (0/2)" />
                <line number="1146" hits="0" branch="false" />
                <line number="1147" hits="0" branch="false" />
                <line number="1148" hits="0" branch="false" />
                <line number="1150" hits="0" branch="false" />
                <line number="1153" hits="0" branch="false" />
                <line number="1154" hits="0" branch="true" condition-coverage="0% (0/2)" />
                <line number="1155" hits="0" branch="false" />
                <line number="1156" hits="0" branch="false" />
                <line number="1157" hits="0" branch="false" />
                <line number="1159" hits="0" branch="false" />
                <line number="1162" hits="0" branch="false" />
                <line number="1163" hits="0" branch="false" />
                <line number="1164" hits="0" branch="false" />
                <line number="1167" hits="0" branch="false" />
              </lines>
            </method>
            <method name="CreateStream" signature="(Mediator.IStreamCommand`1&lt;TResponse&gt;,System.Threading.CancellationToken)" line-rate="0" branch-rate="1" complexity="1">
              <lines>
                <line number="1227" hits="0" branch="false" />
                <line number="1228" hits="0" branch="false" />
                <line number="1229" hits="0" branch="false" />
                <line number="1230" hits="0" branch="false" />
              </lines>
            </method>
            <method name="Send" signature="(Mediator.IQuery`1&lt;TResponse&gt;,System.Threading.CancellationToken)" line-rate="0" branch-rate="0" complexity="16">
              <lines>
                <line number="1245" hits="0" branch="false" />
                <line number="1246" hits="0" branch="true" condition-coverage="0% (0/8)" />
                <line number="1249" hits="0" branch="false" />
                <line number="1250" hits="0" branch="true" condition-coverage="0% (0/2)" />
                <line number="1251" hits="0" branch="false" />
                <line number="1252" hits="0" branch="false" />
                <line number="1253" hits="0" branch="false" />
                <line number="1255" hits="0" branch="false" />
                <line number="1258" hits="0" branch="false" />
                <line number="1259" hits="0" branch="true" condition-coverage="0% (0/2)" />
                <line number="1260" hits="0" branch="false" />
                <line number="1261" hits="0" branch="false" />
                <line number="1262" hits="0" branch="false" />
                <line number="1264" hits="0" branch="false" />
                <line number="1267" hits="0" branch="false" />
                <line number="1268" hits="0" branch="true" condition-coverage="0% (0/2)" />
                <line number="1269" hits="0" branch="false" />
                <line number="1270" hits="0" branch="false" />
                <line number="1271" hits="0" branch="false" />
                <line number="1273" hits="0" branch="false" />
                <line number="1276" hits="0" branch="false" />
                <line number="1277" hits="0" branch="true" condition-coverage="0% (0/2)" />
                <line number="1278" hits="0" branch="false" />
                <line number="1279" hits="0" branch="false" />
                <line number="1280" hits="0" branch="false" />
                <line number="1282" hits="0" branch="false" />
                <line number="1285" hits="0" branch="false" />
                <line number="1286" hits="0" branch="false" />
                <line number="1287" hits="0" branch="false" />
                <line number="1290" hits="0" branch="false" />
              </lines>
            </method>
            <method name="CreateStream" signature="(Mediator.IStreamQuery`1&lt;TResponse&gt;,System.Threading.CancellationToken)" line-rate="0" branch-rate="1" complexity="1">
              <lines>
                <line number="1340" hits="0" branch="false" />
                <line number="1341" hits="0" branch="false" />
                <line number="1342" hits="0" branch="false" />
                <line number="1343" hits="0" branch="false" />
              </lines>
            </method>
            <method name="CreateStream" signature="(System.Object,System.Threading.CancellationToken)" line-rate="0" branch-rate="1" complexity="1">
              <lines>
                <line number="1417" hits="0" branch="false" />
                <line number="1418" hits="0" branch="false" />
                <line number="1419" hits="0" branch="false" />
                <line number="1420" hits="0" branch="false" />
              </lines>
            </method>
            <method name="Publish" signature="(System.Object,System.Threading.CancellationToken)" line-rate="0" branch-rate="1" complexity="1">
              <lines>
                <line number="1436" hits="0" branch="false" />
                <line number="1437" hits="0" branch="false" />
                <line number="1438" hits="0" branch="false" />
                <line number="1439" hits="0" branch="false" />
              </lines>
            </method>
            <method name="Publish" signature="(TNotification,System.Threading.CancellationToken)" line-rate="0" branch-rate="1" complexity="1">
              <lines>
                <line number="1455" hits="0" branch="false" />
                <line number="1456" hits="0" branch="false" />
                <line number="1457" hits="0" branch="false" />
                <line number="1458" hits="0" branch="false" />
              </lines>
            </method>
            <method name="ThrowMissingHandler" signature="(System.Object)" line-rate="0" branch-rate="1" complexity="1">
              <lines>
                <line number="1464" hits="0" branch="false" />
              </lines>
            </method>
            <method name="ThrowInvalidMessage" signature="(T,System.String)" line-rate="0" branch-rate="0" complexity="4">
              <lines>
                <line number="1470" hits="0" branch="false" />
                <line number="1471" hits="0" branch="true" condition-coverage="0% (0/2)" />
                <line number="1472" hits="0" branch="false" />
                <line number="1473" hits="0" branch="true" condition-coverage="0% (0/2)" />
                <line number="1474" hits="0" branch="false" />
                <line number="1476" hits="0" branch="false" />
                <line number="1477" hits="0" branch="false" />
              </lines>
            </method>
            <method name="ThrowInvalidRequest" signature="(T,System.String)" line-rate="0" branch-rate="0" complexity="4">
              <lines>
                <line number="1483" hits="0" branch="false" />
                <line number="1484" hits="0" branch="true" condition-coverage="0% (0/2)" />
                <line number="1485" hits="0" branch="false" />
                <line number="1486" hits="0" branch="true" condition-coverage="0% (0/2)" />
                <line number="1487" hits="0" branch="false" />
                <line number="1489" hits="0" branch="false" />
                <line number="1490" hits="0" branch="false" />
              </lines>
            </method>
            <method name="ThrowInvalidCommand" signature="(T,System.String)" line-rate="0" branch-rate="0" complexity="4">
              <lines>
                <line number="1496" hits="0" branch="false" />
                <line number="1497" hits="0" branch="true" condition-coverage="0% (0/2)" />
                <line number="1498" hits="0" branch="false" />
                <line number="1499" hits="0" branch="true" condition-coverage="0% (0/2)" />
                <line number="1500" hits="0" branch="false" />
                <line number="1502" hits="0" branch="false" />
                <line number="1503" hits="0" branch="false" />
              </lines>
            </method>
            <method name="ThrowInvalidQuery" signature="(T,System.String)" line-rate="0" branch-rate="0" complexity="4">
              <lines>
                <line number="1509" hits="0" branch="false" />
                <line number="1510" hits="0" branch="true" condition-coverage="0% (0/2)" />
                <line number="1511" hits="0" branch="false" />
                <line number="1512" hits="0" branch="true" condition-coverage="0% (0/2)" />
                <line number="1513" hits="0" branch="false" />
                <line number="1515" hits="0" branch="false" />
                <line number="1516" hits="0" branch="false" />
              </lines>
            </method>
            <method name="ThrowInvalidStreamMessage" signature="(T,System.String)" line-rate="0" branch-rate="0" complexity="4">
              <lines>
                <line number="1522" hits="0" branch="false" />
                <line number="1523" hits="0" branch="true" condition-coverage="0% (0/2)" />
                <line number="1524" hits="0" branch="false" />
                <line number="1525" hits="0" branch="true" condition-coverage="0% (0/2)" />
                <line number="1526" hits="0" branch="false" />
                <line number="1528" hits="0" branch="false" />
                <line number="1529" hits="0" branch="false" />
              </lines>
            </method>
            <method name="ThrowInvalidStreamRequest" signature="(T,System.String)" line-rate="0" branch-rate="0" complexity="4">
              <lines>
                <line number="1535" hits="0" branch="false" />
                <line number="1536" hits="0" branch="true" condition-coverage="0% (0/2)" />
                <line number="1537" hits="0" branch="false" />
                <line number="1538" hits="0" branch="true" condition-coverage="0% (0/2)" />
                <line number="1539" hits="0" branch="false" />
                <line number="1541" hits="0" branch="false" />
                <line number="1542" hits="0" branch="false" />
              </lines>
            </method>
            <method name="ThrowInvalidStreamCommand" signature="(T,System.String)" line-rate="0" branch-rate="0" complexity="4">
              <lines>
                <line number="1548" hits="0" branch="false" />
                <line number="1549" hits="0" branch="true" condition-coverage="0% (0/2)" />
                <line number="1550" hits="0" branch="false" />
                <line number="1551" hits="0" branch="true" condition-coverage="0% (0/2)" />
                <line number="1552" hits="0" branch="false" />
                <line number="1554" hits="0" branch="false" />
                <line number="1555" hits="0" branch="false" />
              </lines>
            </method>
            <method name="ThrowInvalidStreamQuery" signature="(T,System.String)" line-rate="0" branch-rate="0" complexity="4">
              <lines>
                <line number="1561" hits="0" branch="false" />
                <line number="1562" hits="0" branch="true" condition-coverage="0% (0/2)" />
                <line number="1563" hits="0" branch="false" />
                <line number="1564" hits="0" branch="true" condition-coverage="0% (0/2)" />
                <line number="1565" hits="0" branch="false" />
                <line number="1567" hits="0" branch="false" />
                <line number="1568" hits="0" branch="false" />
              </lines>
            </method>
            <method name="ThrowArgumentNull" signature="(System.String)" line-rate="0" branch-rate="1" complexity="1">
              <lines>
                <line number="1574" hits="0" branch="false" />
              </lines>
            </method>
            <method name="ThrowInvalidMessage" signature="(T)" line-rate="0" branch-rate="1" complexity="1">
              <lines>
                <line number="1580" hits="0" branch="false" />
              </lines>
            </method>
            <method name="ThrowIfNull" signature="(T,System.String)" line-rate="0" branch-rate="0" complexity="2">
              <lines>
                <line number="1583" hits="0" branch="false" />
                <line number="1584" hits="0" branch="true" condition-coverage="0% (0/2)" />
                <line number="1585" hits="0" branch="false" />
                <line number="1586" hits="0" branch="false" />
              </lines>
            </method>
            <method name="ThrowInvalidNotification" signature="(T,System.String)" line-rate="0" branch-rate="0" complexity="4">
              <lines>
                <line number="1589" hits="0" branch="false" />
                <line number="1590" hits="0" branch="true" condition-coverage="0% (0/2)" />
                <line number="1591" hits="0" branch="false" />
                <line number="1592" hits="0" branch="true" condition-coverage="0% (0/2)" />
                <line number="1593" hits="0" branch="false" />
                <line number="1594" hits="0" branch="false" />
              </lines>
            </method>
            <method name="ThrowAggregateException" signature="(System.Collections.Generic.List`1&lt;System.Exception&gt;)" line-rate="0" branch-rate="1" complexity="1">
              <lines>
                <line number="1600" hits="0" branch="false" />
              </lines>
            </method>
            <method name="MaybeThrowAggregateException" signature="(System.Collections.Generic.List`1&lt;System.Exception&gt;)" line-rate="0" branch-rate="0" complexity="2">
              <lines>
                <line number="1603" hits="0" branch="false" />
                <line number="1604" hits="0" branch="true" condition-coverage="0% (0/2)" />
                <line number="1605" hits="0" branch="false" />
                <line number="1606" hits="0" branch="false" />
                <line number="1607" hits="0" branch="false" />
                <line number="1608" hits="0" branch="false" />
              </lines>
            </method>
            <method name=".ctor" signature="(System.IServiceProvider)" line-rate="0" branch-rate="1" complexity="1">
              <lines>
                <line number="816" hits="0" branch="false" />
                <line number="817" hits="0" branch="false" />
                <line number="818" hits="0" branch="false" />
                <line number="819" hits="0" branch="false" />
                <line number="820" hits="0" branch="false" />
                <line number="821" hits="0" branch="false" />
                <line number="822" hits="0" branch="false" />
                <line number="823" hits="0" branch="false" />
              </lines>
            </method>
            <method name="get_Value" signature="()" line-rate="0" branch-rate="0" complexity="2">
              <lines>
                <line number="840" hits="0" branch="false" />
                <line number="841" hits="0" branch="true" condition-coverage="0% (0/2)" />
                <line number="842" hits="0" branch="false" />
                <line number="844" hits="0" branch="false" />
                <line number="845" hits="0" branch="false" />
              </lines>
            </method>
            <method name="get_ValueSlow" signature="()" line-rate="0" branch-rate="0" complexity="8">
              <lines>
                <line number="852" hits="0" branch="false" />
                <line number="853" hits="0" branch="false" />
                <line number="854" hits="0" branch="true" condition-coverage="0% (0/6)" />
                <line number="858" hits="0" branch="false" />
                <line number="861" hits="0" branch="false" />
                <line number="862" hits="0" branch="true" condition-coverage="0% (0/2)" />
                <line number="863" hits="0" branch="false" />
                <line number="864" hits="0" branch="false" />
                <line number="866" hits="0" branch="false" />
                <line number="867" hits="0" branch="false" />
                <line number="868" hits="0" branch="false" />
                <line number="871" hits="0" branch="false" />
                <line number="872" hits="0" branch="false" />
              </lines>
            </method>
            <method name=".ctor" signature="(System.Func`2&lt;TArg,T&gt;,TArg)" line-rate="0" branch-rate="1" complexity="1">
              <lines>
                <line number="876" hits="0" branch="false" />
                <line number="877" hits="0" branch="false" />
                <line number="878" hits="0" branch="false" />
                <line number="879" hits="0" branch="false" />
                <line number="880" hits="0" branch="false" />
                <line number="881" hits="0" branch="false" />
              </lines>
            </method>
            <method name="Send" signature="()" line-rate="0" branch-rate="0" complexity="26">
              <lines>
                <line number="1358" hits="0" branch="false" />
                <line number="1359" hits="0" branch="true" condition-coverage="0% (0/6)" />
                <line number="1362" hits="0" branch="false" />
                <line number="1365" hits="0" branch="false" />
                <line number="1366" hits="0" branch="false" />
                <line number="1367" hits="0" branch="false" />
                <line number="1371" hits="0" branch="true" condition-coverage="0% (0/12)" />
                <line number="1373" hits="0" branch="false" />
                <line number="1374" hits="0" branch="false" />
                <line number="1375" hits="0" branch="false" />
                <line number="1376" hits="0" branch="false" />
                <line number="1377" hits="0" branch="false" />
                <line number="1378" hits="0" branch="false" />
                <line number="1380" hits="0" branch="false" />
                <line number="1381" hits="0" branch="false" />
                <line number="1382" hits="0" branch="false" />
                <line number="1386" hits="0" branch="true" condition-coverage="0% (0/8)" />
                <line number="1388" hits="0" branch="false" />
                <line number="1389" hits="0" branch="false" />
                <line number="1390" hits="0" branch="false" />
                <line number="1391" hits="0" branch="false" />
                <line number="1393" hits="0" branch="false" />
[...]
                <line number="110" hits="5" branch="false" />
              </lines>
            </method>
            <method name="StopActiveTimer" signature="()" line-rate="1" branch-rate="1" complexity="2">
              <lines>
                <line number="113" hits="3" branch="false" />
                <line number="114" hits="7" branch="false" />
                <line number="115" hits="3" branch="true" condition-coverage="100% (2/2)" />
                <line number="116" hits="3" branch="false" />
                <line number="117" hits="3" branch="false" />
                <line number="118" hits="3" branch="false" />
                <line number="119" hits="3" branch="false" />
                <line number="120" hits="3" branch="false" />
                <line number="121" hits="3" branch="false" />
              </lines>
            </method>
            <method name="AddTag" signature="(System.String)" line-rate="1" branch-rate="0.75" complexity="4">
              <lines>
                <line number="124" hits="6" branch="false" />
                <line number="125" hits="6" branch="true" condition-coverage="75% (3/4)" />
                <line number="126" hits="5" branch="false" />
                <line number="127" hits="5" branch="false" />
                <line number="128" hits="5" branch="false" />
                <line number="129" hits="5" branch="false" />
                <line number="130" hits="6" branch="false" />
              </lines>
            </method>
            <method name="RemoveTag" signature="(System.String)" line-rate="0" branch-rate="0" complexity="2">
              <lines>
                <line number="133" hits="0" branch="false" />
                <line number="134" hits="0" branch="true" condition-coverage="0% (0/2)" />
                <line number="135" hits="0" branch="false" />
                <line number="136" hits="0" branch="false" />
                <line number="137" hits="0" branch="false" />
                <line number="138" hits="0" branch="false" />
              </lines>
            </method>
            <method name="CalculateActualDuration" signature="()" line-rate="1" branch-rate="1" complexity="1">
              <lines>
                <line number="141" hits="3" branch="false" />
                <line number="142" hits="7" branch="false" />
                <line number="143" hits="3" branch="false" />
              </lines>
            </method>
            <method name="get_IsOverdue" signature="()" line-rate="1" branch-rate="1" complexity="4">
              <lines>
                <line number="145" hits="7" branch="true" condition-coverage="100% (4/4)" />
              </lines>
            </method>
            <method name="get_HasActiveTimer" signature="()" line-rate="1" branch-rate="1" complexity="1">
              <lines>
                <line number="147" hits="13" branch="false" />
              </lines>
            </method>
            <method name=".ctor" signature="()" line-rate="0.6666666666666666" branch-rate="1" complexity="1">
              <lines>
                <line number="31" hits="27" branch="false" />
                <line number="32" hits="3" branch="false" />
                <line number="34" hits="0" branch="false" />
              </lines>
            </method>
            <method name=".ctor" signature="(System.String,System.String,TuiSecretary.Domain.Enums.Priority,System.Nullable`1&lt;System.DateTime&gt;,System.Nullable`1&lt;System.DateTime&gt;,System.Nullable`1&lt;System.TimeSpan&gt;)" line-rate="1" branch-rate="0.8333333333333334" complexity="6">
              <lines>
                <line number="36" hits="27" branch="false" />
                <line number="37" hits="27" branch="false" />
                <line number="38" hits="27" branch="false" />
                <line number="39" hits="27" branch="true" condition-coverage="50% (1/2)" />
                <line number="40" hits="27" branch="true" condition-coverage="100% (2/2)" />
                <line number="41" hits="27" branch="false" />
                <line number="42" hits="27" branch="false" />
                <line number="43" hits="27" branch="false" />
                <line number="44" hits="27" branch="true" condition-coverage="100% (2/2)" />
                <line number="45" hits="27" branch="false" />
                <line number="46" hits="27" branch="false" />
              </lines>
            </method>
          </methods>
          <lines>
            <line number="10" hits="62" branch="false" />
            <line number="13" hits="60" branch="false" />
            <line number="15" hits="62" branch="false" />
            <line number="17" hits="67" branch="false" />
            <line number="19" hits="29" branch="false" />
            <line number="21" hits="42" branch="false" />
            <line number="23" hits="19" branch="false" />
            <line number="25" hits="27" branch="false" />
            <line number="27" hits="6" branch="false" />
            <line number="29" hits="69" branch="false" />
            <line number="31" hits="27" branch="false" />
            <line number="32" hits="3" branch="false" />
            <line number="34" hits="0" branch="false" />
            <line number="36" hits="27" branch="false" />
            <line number="37" hits="27" branch="false" />
            <line number="38" hits="27" branch="false" />
            <line number="39" hits="27" branch="true" condition-coverage="50% (1/2)" />
            <line number="40" hits="27" branch="true" condition-coverage="100% (2/2)" />
            <line number="41" hits="27" branch="false" />
            <line number="42" hits="27" branch="false" />
            <line number="43" hits="27" branch="false" />
            <line number="44" hits="27" branch="true" condition-coverage="100% (2/2)" />
            <line number="45" hits="27" branch="false" />
            <line number="46" hits="27" branch="false" />
            <line number="49" hits="1" branch="false" />
            <line number="50" hits="1" branch="true" condition-coverage="50% (1/2)" />
            <line number="51" hits="1" branch="false" />
            <line number="52" hits="1" branch="false" />
            <line number="55" hits="1" branch="false" />
            <line number="56" hits="1" branch="true" condition-coverage="100% (2/2)" />
            <line number="57" hits="1" branch="false" />
            <line number="58" hits="1" branch="false" />
            <line number="61" hits="14" branch="false" />
            <line number="62" hits="14" branch="false" />
            <line number="63" hits="14" branch="true" condition-coverage="100% (2/2)" />
            <line number="64" hits="4" branch="false" />
            <line number="65" hits="4" branch="false" />
            <line number="66" hits="4" branch="false" />
            <line number="67" hits="10" branch="true" condition-coverage="100% (2/2)" />
            <line number="68" hits="1" branch="false" />
            <line number="69" hits="1" branch="false" />
            <line number="70" hits="1" branch="false" />
            <line number="71" hits="14" branch="false" />
            <line number="72" hits="14" branch="false" />
            <line number="75" hits="5" branch="false" />
            <line number="76" hits="5" branch="false" />
            <line number="77" hits="5" branch="false" />
            <line number="78" hits="5" branch="false" />
            <line number="81" hits="0" branch="false" />
            <line number="82" hits="0" branch="false" />
            <line number="83" hits="0" branch="false" />
            <line number="84" hits="0" branch="false" />
            <line number="85" hits="0" branch="false" />
            <line number="88" hits="0" branch="false" />
            <line number="89" hits="0" branch="false" />
            <line number="90" hits="0" branch="false" />
            <line number="91" hits="0" branch="false" />
            <line number="94" hits="6" branch="false" />
            <line number="95" hits="8" branch="false" />
            <line number="96" hits="6" branch="true" condition-coverage="100% (2/2)" />
            <line number="97" hits="1" branch="false" />
            <line number="98" hits="1" branch="false" />
            <line number="101" hits="5" branch="false" />
            <line number="102" hits="5" branch="false" />
            <line number="104" hits="5" branch="true" condition-coverage="100% (2/2)" />
            <line number="105" hits="4" branch="false" />
            <line number="106" hits="4" branch="false" />
            <line number="107" hits="4" branch="false" />
            <line number="109" hits="5" branch="false" />
            <line number="110" hits="5" branch="false" />
            <line number="113" hits="3" branch="false" />
            <line number="114" hits="7" branch="false" />
            <line number="115" hits="3" branch="true" condition-coverage="100% (2/2)" />
            <line number="116" hits="3" branch="false" />
            <line number="117" hits="3" branch="false" />
            <line number="118" hits="3" branch="false" />
            <line number="119" hits="3" branch="false" />
            <line number="120" hits="3" branch="false" />
            <line number="121" hits="3" branch="false" />
            <line number="124" hits="6" branch="false" />
            <line number="125" hits="6" branch="true" condition-coverage="75% (3/4)" />
            <line number="126" hits="5" branch="false" />
            <line number="127" hits="5" branch="false" />
            <line number="128" hits="5" branch="false" />
            <line number="129" hits="5" branch="false" />
            <line number="130" hits="6" branch="false" />
            <line number="133" hits="0" branch="false" />
            <line number="134" hits="0" branch="true" condition-coverage="0% (0/2)" />
            <line number="135" hits="0" branch="false" />
            <line number="136" hits="0" branch="false" />
            <line number="137" hits="0" branch="false" />
            <line number="138" hits="0" branch="false" />
            <line number="141" hits="3" branch="false" />
            <line number="142" hits="7" branch="false" />
            <line number="143" hits="3" branch="false" />
            <line number="145" hits="7" branch="true" condition-coverage="100% (4/4)" />
            <line number="147" hits="13" branch="false" />
          </lines>
        </class>
      </classes>
    </package>
    <package name="TuiSecretary.Infrastructure" line-rate="0.8" branch-rate="1" complexity="17">
      <classes>
        <class name="TuiSecretary.Infrastructure.Persistence.InMemoryRepository`1" filename="/home/runner/work/tuisecretary/tuisecretary/src/Infrastructure/Persistence/InMemoryRepository.cs" line-rate="1" branch-rate="1" complexity="7">
          <methods>
            <method name="GetByIdAsync" signature="(System.Guid,System.Threading.CancellationToken)" line-rate="1" branch-rate="1" complexity="1">
              <lines>
                <line number="12" hits="6" branch="false" />
                <line number="13" hits="6" branch="false" />
                <line number="14" hits="6" branch="false" />
                <line number="15" hits="6" branch="false" />
              </lines>
            </method>
            <method name="GetAllAsync" signature="(System.Threading.CancellationToken)" line-rate="1" branch-rate="1" complexity="1">
              <lines>
                <line number="18" hits="10" branch="false" />
                <line number="19" hits="10" branch="false" />
                <line number="20" hits="10" branch="false" />
              </lines>
            </method>
            <method name="AddAsync" signature="(T,System.Threading.CancellationToken)" line-rate="1" branch-rate="1" complexity="1">
              <lines>
                <line number="23" hits="30" branch="false" />
                <line number="24" hits="30" branch="false" />
                <line number="25" hits="30" branch="false" />
                <line number="26" hits="30" branch="false" />
              </lines>
            </method>
            <method name="UpdateAsync" signature="(T,System.Threading.CancellationToken)" line-rate="1" branch-rate="1" complexity="1">
              <lines>
                <line number="29" hits="4" branch="false" />
                <line number="30" hits="4" branch="false" />
                <line number="31" hits="4" branch="false" />
                <line number="32" hits="4" branch="false" />
              </lines>
            </method>
            <method name="DeleteAsync" signature="(System.Guid,System.Threading.CancellationToken)" line-rate="1" branch-rate="1" complexity="1">
              <lines>
                <line number="35" hits="3" branch="false" />
                <line number="36" hits="3" branch="false" />
                <line number="37" hits="3" branch="false" />
                <line number="38" hits="3" branch="false" />
              </lines>
            </method>
            <method name="ExistsAsync" signature="(System.Guid,System.Threading.CancellationToken)" line-rate="1" branch-rate="1" complexity="1">
              <lines>
                <line number="41" hits="7" branch="false" />
                <line number="42" hits="7" branch="false" />
                <line number="43" hits="7" branch="false" />
              </lines>
            </method>
            <method name=".ctor" signature="()" line-rate="1" branch-rate="1" complexity="1">
              <lines>
                <line number="9" hits="25" branch="false" />
              </lines>
            </method>
          </methods>
          <lines>
            <line number="9" hits="25" branch="false" />
            <line number="12" hits="6" branch="false" />
            <line number="13" hits="6" branch="false" />
            <line number="14" hits="6" branch="false" />
            <line number="15" hits="6" branch="false" />
            <line number="18" hits="10" branch="false" />
            <line number="19" hits="10" branch="false" />
            <line number="20" hits="10" branch="false" />
            <line number="23" hits="30" branch="false" />
            <line number="24" hits="30" branch="false" />
            <line number="25" hits="30" branch="false" />
            <line number="26" hits="30" branch="false" />
            <line number="29" hits="4" branch="false" />
            <line number="30" hits="4" branch="false" />
            <line number="31" hits="4" branch="false" />
            <line number="32" hits="4" branch="false" />
            <line number="35" hits="3" branch="false" />
            <line number="36" hits="3" branch="false" />
            <line number="37" hits="3" branch="false" />
            <line number="38" hits="3" branch="false" />
            <line number="41" hits="7" branch="false" />
            <line number="42" hits="7" branch="false" />
            <line number="43" hits="7" branch="false" />
          </lines>
        </class>
        <class name="TuiSecretary.Infrastructure.Persistence.InMemoryUnitOfWork" filename="/home/runner/work/tuisecretary/tuisecretary/src/Infrastructure/Persistence/InMemoryUnitOfWork.cs" line-rate="0.5909090909090909" branch-rate="1" complexity="10">
          <methods>
            <method name="get_Notes" signature="()" line-rate="1" branch-rate="1" complexity="1">
              <lines>
                <line number="13" hits="5" branch="false" />
              </lines>
            </method>
            <method name="get_TodoLists" signature="()" line-rate="1" branch-rate="1" complexity="1">
              <lines>
                <line number="14" hits="3" branch="false" />
              </lines>
            </method>
            <method name="get_Tasks" signature="()" line-rate="1" branch-rate="1" complexity="1">
              <lines>
                <line number="15" hits="3" branch="false" />
              </lines>
            </method>
            <method name="get_CalendarEvents" signature="()" line-rate="1" branch-rate="1" complexity="1">
              <lines>
                <line number="16" hits="3" branch="false" />
              </lines>
            </method>
            <method name="SaveChangesAsync" signature="(System.Threading.CancellationToken)" line-rate="1" branch-rate="1" complexity="1">
              <lines>
                <line number="19" hits="2" branch="false" />
                <line number="21" hits="2" branch="false" />
                <line number="22" hits="2" branch="false" />
              </lines>
            </method>
            <method name="BeginTransactionAsync" signature="(System.Threading.CancellationToken)" line-rate="0" branch-rate="1" complexity="1">
              <lines>
                <line number="25" hits="0" branch="false" />
                <line number="27" hits="0" branch="false" />
                <line number="28" hits="0" branch="false" />
              </lines>
            </method>
            <method name="CommitTransactionAsync" signature="(System.Threading.CancellationToken)" line-rate="0" branch-rate="1" complexity="1">
              <lines>
                <line number="31" hits="0" branch="false" />
                <line number="33" hits="0" branch="false" />
                <line number="34" hits="0" branch="false" />
              </lines>
            </method>
            <method name="RollbackTransactionAsync" signature="(System.Threading.CancellationToken)" line-rate="0" branch-rate="1" complexity="1">
              <lines>
                <line number="37" hits="0" branch="false" />
                <line number="39" hits="0" branch="false" />
                <line number="40" hits="0" branch="false" />
              </lines>
            </method>
            <method name="Dispose" signature="()" line-rate="1" branch-rate="1" complexity="1">
              <lines>
                <line number="43" hits="1" branch="false" />
                <line number="45" hits="1" branch="false" />
              </lines>
            </method>
            <method name=".ctor" signature="()" line-rate="1" branch-rate="1" complexity="1">
              <lines>
                <line number="8" hits="9" branch="false" />
                <line number="9" hits="8" branch="false" />
                <line number="10" hits="8" branch="false" />
                <line number="11" hits="8" branch="false" />
              </lines>
            </method>
          </methods>
          <lines>
            <line number="8" hits="9" branch="false" />
            <line number="9" hits="8" branch="false" />
            <line number="10" hits="8" branch="false" />
            <line number="11" hits="8" branch="false" />
            <line number="13" hits="5" branch="false" />
            <line number="14" hits="3" branch="false" />
            <line number="15" hits="3" branch="false" />
            <line number="16" hits="3" branch="false" />
            <line number="19" hits="2" branch="false" />
            <line number="21" hits="2" branch="false" />
            <line number="22" hits="2" branch="false" />
            <line number="25" hits="0" branch="false" />
            <line number="27" hits="0" branch="false" />
            <line number="28" hits="0" branch="false" />
            <line number="31" hits="0" branch="false" />
            <line number="33" hits="0" branch="false" />
            <line number="34" hits="0" branch="false" />
            <line number="37" hits="0" branch="false" />
            <line number="39" hits="0" branch="false" />
            <line number="40" hits="0" branch="false" />
            <line number="43" hits="1" branch="false" />
            <line number="45" hits="1" branch="false" />
          </lines>
        </class>
      </classes>
    </package>
  </packages>
</coverage>